This is pdfTeX, Version 3.14159265-2.6-1.40.18 (TeX Live 2017/Debian) (preloaded format=pdflatex 2018.10.12)  22 OCT 2018 15:56
entering extended mode
 \write18 enabled.
 %&-line parsing enabled.
**book.tex
(./book.tex
LaTeX2e <2017-04-15>
Babel <3.18> and hyphenation patterns for 5 language(s) loaded.
(/usr/share/texlive/texmf-dist/tex/latex/base/book.cls
Document Class: book 2014/09/29 v1.4h Standard LaTeX document class
(/usr/share/texlive/texmf-dist/tex/latex/base/bk10.clo
File: bk10.clo 2014/09/29 v1.4h Standard LaTeX file (size option)
)
\c@part=\count79
\c@chapter=\count80
\c@section=\count81
\c@subsection=\count82
\c@subsubsection=\count83
\c@paragraph=\count84
\c@subparagraph=\count85
\c@figure=\count86
\c@table=\count87
\abovecaptionskip=\skip41
\belowcaptionskip=\skip42
\bibindent=\dimen102
)
(/usr/share/texlive/texmf-dist/tex/latex/hyperref/hyperref.sty
Package: hyperref 2018/02/06 v6.86b Hypertext links for LaTeX

(/usr/share/texlive/texmf-dist/tex/generic/oberdiek/hobsub-hyperref.sty
Package: hobsub-hyperref 2016/05/16 v1.14 Bundle oberdiek, subset hyperref (HO)


(/usr/share/texlive/texmf-dist/tex/generic/oberdiek/hobsub-generic.sty
Package: hobsub-generic 2016/05/16 v1.14 Bundle oberdiek, subset generic (HO)
Package: hobsub 2016/05/16 v1.14 Construct package bundles (HO)
Package: infwarerr 2016/05/16 v1.4 Providing info/warning/error messages (HO)
Package: ltxcmds 2016/05/16 v1.23 LaTeX kernel commands for general use (HO)
Package: ifluatex 2016/05/16 v1.4 Provides the ifluatex switch (HO)
Package ifluatex Info: LuaTeX not detected.
Package: ifvtex 2016/05/16 v1.6 Detect VTeX and its facilities (HO)
Package ifvtex Info: VTeX not detected.
Package: intcalc 2016/05/16 v1.2 Expandable calculations with integers (HO)
Package: ifpdf 2017/03/15 v3.2 Provides the ifpdf switch
Package: etexcmds 2016/05/16 v1.6 Avoid name clashes with e-TeX commands (HO)
Package etexcmds Info: Could not find \expanded.
(etexcmds)             That can mean that you are not using pdfTeX 1.50 or
(etexcmds)             that some package has redefined \expanded.
(etexcmds)             In the latter case, load this package earlier.
Package: kvsetkeys 2016/05/16 v1.17 Key value parser (HO)
Package: kvdefinekeys 2016/05/16 v1.4 Define keys (HO)
Package: pdftexcmds 2018/01/21 v0.26 Utility functions of pdfTeX for LuaTeX (HO
)
Package pdftexcmds Info: LuaTeX not detected.
Package pdftexcmds Info: \pdf@primitive is available.
Package pdftexcmds Info: \pdf@ifprimitive is available.
Package pdftexcmds Info: \pdfdraftmode found.
Package: pdfescape 2016/05/16 v1.14 Implements pdfTeX's escape features (HO)
Package: bigintcalc 2016/05/16 v1.4 Expandable calculations on big integers (HO
)
Package: bitset 2016/05/16 v1.2 Handle bit-vector datatype (HO)
Package: uniquecounter 2016/05/16 v1.3 Provide unlimited unique counter (HO)
)
Package hobsub Info: Skipping package `hobsub' (already loaded).
Package: letltxmacro 2016/05/16 v1.5 Let assignment for LaTeX macros (HO)
Package: hopatch 2016/05/16 v1.3 Wrapper for package hooks (HO)
Package: xcolor-patch 2016/05/16 xcolor patch
Package: atveryend 2016/05/16 v1.9 Hooks at the very end of document (HO)
Package atveryend Info: \enddocument detected (standard20110627).
Package: atbegshi 2016/06/09 v1.18 At begin shipout hook (HO)
Package: refcount 2016/05/16 v3.5 Data extraction from label references (HO)
Package: hycolor 2016/05/16 v1.8 Color options for hyperref/bookmark (HO)
)
(/usr/share/texlive/texmf-dist/tex/latex/graphics/keyval.sty
Package: keyval 2014/10/28 v1.15 key=value parser (DPC)
\KV@toks@=\toks14
)
(/usr/share/texlive/texmf-dist/tex/generic/ifxetex/ifxetex.sty
Package: ifxetex 2010/09/12 v0.6 Provides ifxetex conditional
)
(/usr/share/texlive/texmf-dist/tex/latex/oberdiek/auxhook.sty
Package: auxhook 2016/05/16 v1.4 Hooks for auxiliary files (HO)
)
(/usr/share/texlive/texmf-dist/tex/latex/oberdiek/kvoptions.sty
Package: kvoptions 2016/05/16 v3.12 Key value format for package options (HO)
)
\@linkdim=\dimen103
\Hy@linkcounter=\count88
\Hy@pagecounter=\count89

(/usr/share/texlive/texmf-dist/tex/latex/hyperref/pd1enc.def
File: pd1enc.def 2018/02/06 v6.86b Hyperref: PDFDocEncoding definition (HO)
)
\Hy@SavedSpaceFactor=\count90

(/usr/share/texlive/texmf-dist/tex/latex/latexconfig/hyperref.cfg
File: hyperref.cfg 2002/06/06 v1.2 hyperref configuration of TeXLive
)
Package hyperref Info: Hyper figures OFF on input line 4509.
Package hyperref Info: Link nesting OFF on input line 4514.
Package hyperref Info: Hyper index ON on input line 4517.
Package hyperref Info: Plain pages OFF on input line 4524.
Package hyperref Info: Backreferencing OFF on input line 4529.
Package hyperref Info: Implicit mode ON; LaTeX internals redefined.
Package hyperref Info: Bookmarks ON on input line 4762.
\c@Hy@tempcnt=\count91

(/usr/share/texlive/texmf-dist/tex/latex/url/url.sty
\Urlmuskip=\muskip10
Package: url 2013/09/16  ver 3.4  Verb mode for urls, etc.
)
LaTeX Info: Redefining \url on input line 5115.
\XeTeXLinkMargin=\dimen104
\Fld@menulength=\count92
\Field@Width=\dimen105
\Fld@charsize=\dimen106
Package hyperref Info: Hyper figures OFF on input line 6369.
Package hyperref Info: Link nesting OFF on input line 6374.
Package hyperref Info: Hyper index ON on input line 6377.
Package hyperref Info: backreferencing OFF on input line 6384.
Package hyperref Info: Link coloring OFF on input line 6389.
Package hyperref Info: Link coloring with OCG OFF on input line 6394.
Package hyperref Info: PDF/A mode OFF on input line 6399.
LaTeX Info: Redefining \ref on input line 6439.
LaTeX Info: Redefining \pageref on input line 6443.
\Hy@abspage=\count93
\c@Item=\count94
\c@Hfootnote=\count95
)
Package hyperref Info: Driver (autodetected): hpdftex.

(/usr/share/texlive/texmf-dist/tex/latex/hyperref/hpdftex.def
File: hpdftex.def 2018/02/06 v6.86b Hyperref driver for pdfTeX
\Fld@listcount=\count96
\c@bookmark@seq@number=\count97

(/usr/share/texlive/texmf-dist/tex/latex/oberdiek/rerunfilecheck.sty
Package: rerunfilecheck 2016/05/16 v1.8 Rerun checks for auxiliary files (HO)
Package uniquecounter Info: New unique counter `rerunfilecheck' on input line 2
82.
)
\Hy@SectionHShift=\skip43
)
(./titlepic.sty
Package: titlepic 2009/08/03 1.1 Package to display a picture on the title page

) (/usr/share/texlive/texmf-dist/tex/latex/graphics/graphicx.sty
Package: graphicx 2017/06/01 v1.1a Enhanced LaTeX Graphics (DPC,SPQR)
(/usr/share/texlive/texmf-dist/tex/latex/graphics/graphics.sty
Package: graphics 2017/06/25 v1.2c Standard LaTeX Graphics (DPC,SPQR)

(/usr/share/texlive/texmf-dist/tex/latex/graphics/trig.sty
Package: trig 2016/01/03 v1.10 sin cos tan (DPC)
)
(/usr/share/texlive/texmf-dist/tex/latex/graphics-cfg/graphics.cfg
File: graphics.cfg 2016/06/04 v1.11 sample graphics configuration
)
Package graphics Info: Driver file: pdftex.def on input line 99.

(/usr/share/texlive/texmf-dist/tex/latex/graphics-def/pdftex.def
File: pdftex.def 2018/01/08 v1.0l Graphics/color driver for pdftex
))
\Gin@req@height=\dimen107
\Gin@req@width=\dimen108
)
(/usr/share/texlive/texmf-dist/tex/latex/caption/caption.sty
Package: caption 2016/02/21 v3.3-144 Customizing captions (AR)

(/usr/share/texlive/texmf-dist/tex/latex/caption/caption3.sty
Package: caption3 2016/05/22 v1.7-166 caption3 kernel (AR)
Package caption3 Info: TeX engine: e-TeX on input line 67.
\captionmargin=\dimen109
\captionmargin@=\dimen110
\captionwidth=\dimen111
\caption@tempdima=\dimen112
\caption@indent=\dimen113
\caption@parindent=\dimen114
\caption@hangindent=\dimen115
)
\c@ContinuedFloat=\count98
Package caption Info: hyperref package is loaded.
)
(/usr/share/texlive/texmf-dist/tex/latex/caption/subcaption.sty
Package: subcaption 2016/05/22 v1.1-161 Sub-captions (AR)
\c@subfigure=\count99
\c@subtable=\count100
)
(/usr/share/texlive/texmf-dist/tex/latex/base/alltt.sty
Package: alltt 1997/06/16 v2.0g defines alltt environment
)
(/usr/share/texlive/texmf-dist/tex/latex/fancyhdr/fancyhdr.sty
Package: fancyhdr 2017/06/30 v3.9a Extensive control of page headers and footer
s
\f@nch@headwidth=\skip44
\f@nch@O@elh=\skip45
\f@nch@O@erh=\skip46
\f@nch@O@olh=\skip47
\f@nch@O@orh=\skip48
\f@nch@O@elf=\skip49
\f@nch@O@erf=\skip50
\f@nch@O@olf=\skip51
\f@nch@O@orf=\skip52
)
(/usr/share/texlive/texmf-dist/tex/latex/minted/minted.sty
Package: minted 2017/07/19 v2.5 Yet another Pygments shim for LaTeX

(/usr/share/texlive/texmf-dist/tex/latex/fvextra/fvextra.sty
Package: fvextra 2017/07/08 v1.3.1 fvextra - extensions and patches for fancyvr
b

(/usr/share/texlive/texmf-dist/tex/latex/base/ifthen.sty
Package: ifthen 2014/09/29 v1.1c Standard LaTeX ifthen package (DPC)
)
(/usr/share/texlive/texmf-dist/tex/latex/etoolbox/etoolbox.sty
Package: etoolbox 2018/02/11 v2.5e e-TeX tools for LaTeX (JAW)
\etb@tempcnta=\count101
)
(/usr/share/texlive/texmf-dist/tex/latex/fancyvrb/fancyvrb.sty
Package: fancyvrb 2008/02/07

Style option: `fancyvrb' v2.7a, with DG/SPQR fixes, and firstline=lastline fix 
<2008/02/07> (tvz)
\FV@CodeLineNo=\count102
\FV@InFile=\read1
\FV@TabBox=\box26
\c@FancyVerbLine=\count103
\FV@StepNumber=\count104
\FV@OutFile=\write3
)
(/usr/share/texlive/texmf-dist/tex/latex/upquote/upquote.sty
Package: upquote 2012/04/19 v1.3 upright-quote and grave-accent glyphs in verba
tim
)
(/usr/share/texlive/texmf-dist/tex/latex/lineno/lineno.sty
Package: lineno 2005/11/02 line numbers on paragraphs v4.41
\linenopenalty=\count105
\output=\toks15
\linenoprevgraf=\count106
\linenumbersep=\dimen116
\linenumberwidth=\dimen117
\c@linenumber=\count107
\c@pagewiselinenumber=\count108
\c@LN@truepage=\count109
\c@internallinenumber=\count110
\c@internallinenumbers=\count111
\quotelinenumbersep=\dimen118
\bframerule=\dimen119
\bframesep=\dimen120
\bframebox=\box27
LaTeX Info: Redefining \\ on input line 3056.
)
\c@FV@TrueTabGroupLevel=\count112
\c@FV@TrueTabCounter=\count113
\FV@TabBox@Group=\box28
\FV@TmpLength=\skip53
\c@FV@HighlightLinesStart=\count114
\c@FV@HighlightLinesStop=\count115
\FV@LoopCount=\count116
\FV@NCharsBox=\box29
\FV@BreakIndent=\dimen121
\FV@BreakIndentNChars=\count117
\FV@BreakSymbolSepLeft=\dimen122
\FV@BreakSymbolSepLeftNChars=\count118
\FV@BreakSymbolSepRight=\dimen123
\FV@BreakSymbolSepRightNChars=\count119
\FV@BreakSymbolIndentLeft=\dimen124
\FV@BreakSymbolIndentLeftNChars=\count120
\FV@BreakSymbolIndentRight=\dimen125
\FV@BreakSymbolIndentRightNChars=\count121
\c@FancyVerbLineBreakLast=\count122
\FV@LineBox=\box30
\FV@LineIndentBox=\box31
)
(/usr/share/texlive/texmf-dist/tex/latex/tools/calc.sty
Package: calc 2014/10/28 v4.3 Infix arithmetic (KKT,FJ)
\calc@Acount=\count123
\calc@Bcount=\count124
\calc@Adimen=\dimen126
\calc@Bdimen=\dimen127
\calc@Askip=\skip54
\calc@Bskip=\skip55
LaTeX Info: Redefining \setlength on input line 80.
LaTeX Info: Redefining \addtolength on input line 81.
\calc@Ccount=\count125
\calc@Cskip=\skip56
)
(/usr/share/texlive/texmf-dist/tex/latex/tools/shellesc.sty
Package: shellesc 2016/06/07 v0.02a unified shell escape interface for LaTeX
Package shellesc Info: Unrestricted shell escape enabled on input line 67.
)
(/usr/share/texlive/texmf-dist/tex/latex/ifplatform/ifplatform.sty
Package: ifplatform 2017/10/13 v0.4a Testing for the operating system

(/usr/share/texlive/texmf-dist/tex/generic/oberdiek/catchfile.sty
Package: catchfile 2016/05/16 v1.7 Catch the contents of a file (HO)
)
runsystem(uname -s > "book.w18")...executed.

 (./book.w18)
runsystem(rm -- "book.w18")...executed.

) (/usr/share/texlive/texmf-dist/tex/generic/xstring/xstring.sty
(/usr/share/texlive/texmf-dist/tex/generic/xstring/xstring.tex
\@xs@message=\write4
\integerpart=\count126
\decimalpart=\count127
)
Package: xstring 2013/10/13  v1.7c  String manipulations (C Tellechea)
)
(/usr/share/texlive/texmf-dist/tex/latex/framed/framed.sty
Package: framed 2011/10/22 v 0.96: framed or shaded text with page breaks
\OuterFrameSep=\skip57
\fb@frw=\dimen128
\fb@frh=\dimen129
\FrameRule=\dimen130
\FrameSep=\dimen131
)
(/usr/share/texlive/texmf-dist/tex/latex/float/float.sty
Package: float 2001/11/08 v1.3d Float enhancements (AL)
\c@float@type=\count128
\float@exts=\toks16
\float@box=\box32
\@float@everytoks=\toks17
\@floatcapt=\box33
)
\minted@appexistsfile=\read2
\minted@bgbox=\box34
\minted@code=\write5
\c@minted@FancyVerbLineTemp=\count129
\c@minted@pygmentizecounter=\count130
\@float@every@listing=\toks18
\c@listing=\count131
)
runsystem(mkdir -p _minted-book)...executed.

 (./exercise.sty
Package: exercise 2012/05/08 v1.58 Exercise package (P.Pichaureau)
\ExerciseSkipBefore=\skip58
\ExerciseSkipAfter=\skip59
\Exesep=\skip60
\Exetopsep=\skip61
\Exeparsep=\skip62
\Exepartopsep=\skip63
\Exeleftmargin=\skip64
\Exerightmargin=\skip65
\Exelabelwidth=\skip66
\Exelabelsep=\skip67
\ExerciseBefore=\skip68
\QuestionBefore=\skip69
\subQuestionBefore=\skip70
\subsubQuestionBefore=\skip71
\QuestionIndent=\skip72
\subQuestionIndent=\skip73
\subsubQuestionIndent=\skip74
\c@Exercise=\count132
\c@Answer=\count133
\c@ExePart=\count134
\c@Question=\count135
\c@subQuestion=\count136
\c@subsubQuestion=\count137
\c@savedQuestion=\count138
\c@savedsubQuestion=\count139
\c@savedsubsubQuestion=\count140
\@QuestionLevel=\count141
\@Exercisebox=\box35
\all@Exercisebox=\box36
\temp@Exercisebox=\box37
\all@Answerbox=\box38
\temp@Answerbox=\box39
\ExerciseDifficulty=\count142
\QuestionDifficulty=\count143
\subQuestionDifficulty=\count144
\subsubQuestionDifficulty=\count145
\ExePartDifficulty=\count146
\@Answerbox=\box40
\colonnesLevel=\count147
\tempskipa=\skip75
\tempskipb=\skip76
\@savedmathindent=\skip77
)
(/usr/share/texlive/texmf-dist/tex/latex/mathtools/mathtools.sty
Package: mathtools 2018/01/08 v1.21 mathematical typesetting tools

(/usr/share/texlive/texmf-dist/tex/latex/mathtools/mhsetup.sty
Package: mhsetup 2017/03/31 v1.3 programming setup (MH)
)
(/usr/share/texlive/texmf-dist/tex/latex/amsmath/amsmath.sty
Package: amsmath 2017/09/02 v2.17a AMS math features
\@mathmargin=\skip78

For additional information on amsmath, use the `?' option.
(/usr/share/texlive/texmf-dist/tex/latex/amsmath/amstext.sty
Package: amstext 2000/06/29 v2.01 AMS text

(/usr/share/texlive/texmf-dist/tex/latex/amsmath/amsgen.sty
File: amsgen.sty 1999/11/30 v2.0 generic functions
\@emptytoks=\toks19
\ex@=\dimen132
))
(/usr/share/texlive/texmf-dist/tex/latex/amsmath/amsbsy.sty
Package: amsbsy 1999/11/29 v1.2d Bold Symbols
\pmbraise@=\dimen133
)
(/usr/share/texlive/texmf-dist/tex/latex/amsmath/amsopn.sty
Package: amsopn 2016/03/08 v2.02 operator names
)
\inf@bad=\count148
LaTeX Info: Redefining \frac on input line 213.
\uproot@=\count149
\leftroot@=\count150
LaTeX Info: Redefining \overline on input line 375.
\classnum@=\count151
\DOTSCASE@=\count152
LaTeX Info: Redefining \ldots on input line 472.
LaTeX Info: Redefining \dots on input line 475.
LaTeX Info: Redefining \cdots on input line 596.
\Mathstrutbox@=\box41
\strutbox@=\box42
\big@size=\dimen134
LaTeX Font Info:    Redeclaring font encoding OML on input line 712.
LaTeX Font Info:    Redeclaring font encoding OMS on input line 713.
\macc@depth=\count153
\c@MaxMatrixCols=\count154
\dotsspace@=\muskip11
\c@parentequation=\count155
\dspbrk@lvl=\count156
\tag@help=\toks20
\row@=\count157
\column@=\count158
\maxfields@=\count159
\andhelp@=\toks21
\eqnshift@=\dimen135
\alignsep@=\dimen136
\tagshift@=\dimen137
\tagwidth@=\dimen138
\totwidth@=\dimen139
\lineht@=\dimen140
\@envbody=\toks22
\multlinegap=\skip79
\multlinetaggap=\skip80
\mathdisplay@stack=\toks23
LaTeX Info: Redefining \[ on input line 2817.
LaTeX Info: Redefining \] on input line 2818.
)
LaTeX Info: Thecontrolsequence`\('isalreadyrobust on input line 129.
LaTeX Info: Thecontrolsequence`\)'isalreadyrobust on input line 129.
LaTeX Info: Thecontrolsequence`\['isalreadyrobust on input line 129.
LaTeX Info: Thecontrolsequence`\]'isalreadyrobust on input line 129.
\g_MT_multlinerow_int=\count160
\l_MT_multwidth_dim=\dimen141
\origjot=\skip81
\l_MT_shortvdotswithinadjustabove_dim=\dimen142
\l_MT_shortvdotswithinadjustbelow_dim=\dimen143
\l_MT_above_intertext_sep=\dimen144
\l_MT_below_intertext_sep=\dimen145
\l_MT_above_shortintertext_sep=\dimen146
\l_MT_below_shortintertext_sep=\dimen147
)
(/usr/share/texlive/texmf-dist/tex/latex/xcolor/xcolor.sty
Package: xcolor 2016/05/11 v2.12 LaTeX color extensions (UK)

(/usr/share/texlive/texmf-dist/tex/latex/graphics-cfg/color.cfg
File: color.cfg 2016/01/02 v1.6 sample color configuration
)
Package xcolor Info: Driver file: pdftex.def on input line 225.
Package xcolor Info: Model `cmy' substituted by `cmy0' on input line 1348.
Package xcolor Info: Model `hsb' substituted by `rgb' on input line 1352.
Package xcolor Info: Model `RGB' extended on input line 1364.
Package xcolor Info: Model `HTML' substituted by `rgb' on input line 1366.
Package xcolor Info: Model `Hsb' substituted by `hsb' on input line 1367.
Package xcolor Info: Model `tHsb' substituted by `hsb' on input line 1368.
Package xcolor Info: Model `HSB' substituted by `hsb' on input line 1369.
Package xcolor Info: Model `Gray' substituted by `gray' on input line 1370.
Package xcolor Info: Model `wave' substituted by `hsb' on input line 1371.
)
runsystem(which pygmentize && touch book.aex)...executed.

runsystem(rm book.aex)...executed.

 (./book.aux)
\openout1 = `book.aux'.

LaTeX Font Info:    Checking defaults for OML/cmm/m/it on input line 26.
LaTeX Font Info:    ... okay on input line 26.
LaTeX Font Info:    Checking defaults for T1/cmr/m/n on input line 26.
LaTeX Font Info:    ... okay on input line 26.
LaTeX Font Info:    Checking defaults for OT1/cmr/m/n on input line 26.
LaTeX Font Info:    ... okay on input line 26.
LaTeX Font Info:    Checking defaults for OMS/cmsy/m/n on input line 26.
LaTeX Font Info:    ... okay on input line 26.
LaTeX Font Info:    Checking defaults for OMX/cmex/m/n on input line 26.
LaTeX Font Info:    ... okay on input line 26.
LaTeX Font Info:    Checking defaults for U/cmr/m/n on input line 26.
LaTeX Font Info:    ... okay on input line 26.
LaTeX Font Info:    Checking defaults for PD1/pdf/m/n on input line 26.
LaTeX Font Info:    ... okay on input line 26.
\AtBeginShipoutBox=\box43
Package hyperref Info: Link coloring OFF on input line 26.

(/usr/share/texlive/texmf-dist/tex/latex/hyperref/nameref.sty
Package: nameref 2016/05/21 v2.44 Cross-referencing by name of section

(/usr/share/texlive/texmf-dist/tex/generic/oberdiek/gettitlestring.sty
Package: gettitlestring 2016/05/16 v1.5 Cleanup title references (HO)
)
\c@section@level=\count161
)
LaTeX Info: Redefining \ref on input line 26.
LaTeX Info: Redefining \pageref on input line 26.
LaTeX Info: Redefining \nameref on input line 26.

(./book.out) (./book.out)
\@outlinefile=\write6
\openout6 = `book.out'.


(/usr/share/texlive/texmf-dist/tex/context/base/mkii/supp-pdf.mkii
[Loading MPS to PDF converter (version 2006.09.02).]
\scratchcounter=\count162
\scratchdimen=\dimen148
\scratchbox=\box44
\nofMPsegments=\count163
\nofMParguments=\count164
\everyMPshowfont=\toks24
\MPscratchCnt=\count165
\MPscratchDim=\dimen149
\MPnumerator=\count166
\makeMPintoPDFobject=\count167
\everyMPtoPDFconversion=\toks25
) (/usr/share/texlive/texmf-dist/tex/latex/oberdiek/epstopdf-base.sty
Package: epstopdf-base 2016/05/15 v2.6 Base part for package epstopdf

(/usr/share/texlive/texmf-dist/tex/latex/oberdiek/grfext.sty
Package: grfext 2016/05/16 v1.2 Manage graphics extensions (HO)
)
Package epstopdf-base Info: Redefining graphics rule for `.eps' on input line 4
38.
Package grfext Info: Graphics extension search list:
(grfext)             [.pdf,.png,.jpg,.eps]
(grfext)             \AppendGraphicsExtensions on input line 456.

(/usr/share/texlive/texmf-dist/tex/latex/latexconfig/epstopdf-sys.cfg
File: epstopdf-sys.cfg 2010/07/13 v1.3 Configuration of (r)epstopdf for TeX Liv
e
))
Package caption Info: Begin \AtBeginDocument code.
Package caption Info: float package is loaded.
Package caption Info: End \AtBeginDocument code.
<./pics/macro.png, id=124, 719.68875pt x 835.12pt>
File: ./pics/macro.png Graphic file (type png)
<use ./pics/macro.png>
Package pdftex.def Info: ./pics/macro.png  used on input line 35.
(pdftex.def)             Requested size: 345.0pt x 400.34332pt.

[1


{/var/lib/texmf/fonts/map/pdftex/updmap/pdftex.map} <./pics/macro.png (PNG copy
)>]
<./pics/mri2.png, id=132, 147.55125pt x 147.55125pt>
File: ./pics/mri2.png Graphic file (type png)
<use ./pics/mri2.png>
Package pdftex.def Info: ./pics/mri2.png  used on input line 36.
(pdftex.def)             Requested size: 38.30162pt x 38.30301pt.
 [2

 <./pics/mri2.png (PNG copy)>] (./book.toc)
\tf@toc=\write7
\openout7 = `book.toc'.

 [3]
File: ./pics/mri2.png Graphic file (type png)
<use ./pics/mri2.png>
Package pdftex.def Info: ./pics/mri2.png  used on input line 37.
(pdftex.def)             Requested size: 38.30162pt x 38.30301pt.
 [4

] (./book.lof)
\tf@lof=\write8
\openout8 = `book.lof'.


(./introduction.tex [5]
File: ./pics/mri2.png Graphic file (type png)
<use ./pics/mri2.png>
Package pdftex.def Info: ./pics/mri2.png  used on input line 1.
(pdftex.def)             Requested size: 38.30162pt x 38.30301pt.
 [6

]
Chapter 1.
) (./getting_started.tex [7]
File: ./pics/mri2.png Graphic file (type png)
<use ./pics/mri2.png>
Package pdftex.def Info: ./pics/mri2.png  used on input line 1.
(pdftex.def)             Requested size: 38.30162pt x 38.30301pt.
 [8

]
Chapter 2.
[9]
<./pics/fiji_launcher.png, id=238, 573.14125pt x 105.39375pt>
File: ./pics/fiji_launcher.png Graphic file (type png)
<use ./pics/fiji_launcher.png>
Package pdftex.def Info: ./pics/fiji_launcher.png  used on input line 23.
(pdftex.def)             Requested size: 293.2521pt x 53.92538pt.
File: ./pics/mri2.png Graphic file (type png)
<use ./pics/mri2.png>
Package pdftex.def Info: ./pics/mri2.png  used on input line 31.
(pdftex.def)             Requested size: 38.30162pt x 38.30301pt.
 [10 <./pics/fiji_launcher.png>]
\openout3 = `book.pyg'.

runsystem(pygmentize -S default -f latex -P commandprefix=PYG > _minted-book/de
fault-pyg-prefix.pygstyle)...executed.

 (./_minted-book/default-pyg-prefix.pygstyle)
runsystem(pygmentize -S default -f latex -P commandprefix=PYGdefault > _minted-
book/default.pygstyle)...executed.

 (./_minted-book/default.pygstyle)
runsystem(pygmentize -l java -f latex -P commandprefix=PYG -F tokenmerge -o _mi
nted-book/8D81D129EC4605DC39154626D6BD2C9A71E0C1AEB16F6962B864D2E27BEE29B9.pygt
ex book.pyg)...executed.


(./_minted-book/8D81D129EC4605DC39154626D6BD2C9A71E0C1AEB16F6962B864D2E27BEE29B
9.pygtex)
Package hyperref Info: bookmark level for unknown listing defaults to 0 on inpu
t line 42.
<./pics/log_window.png, id=247, 180.675pt x 188.705pt>
File: ./pics/log_window.png Graphic file (type png)
<use ./pics/log_window.png>
Package pdftex.def Info: ./pics/log_window.png  used on input line 50.
(pdftex.def)             Requested size: 137.9979pt x 144.13136pt.
LaTeX Font Info:    Try loading font information for OMS+cmr on input line 57.
 (/usr/share/texlive/texmf-dist/tex/latex/base/omscmr.fd
File: omscmr.fd 2014/09/29 v2.5h Standard LaTeX font definitions
)
LaTeX Font Info:    Font shape `OMS/cmr/m/n' in size <10> not available
(Font)              Font shape `OMS/cmsy/m/n' tried instead on input line 57.
File: ./pics/mri2.png Graphic file (type png)
<use ./pics/mri2.png>
Package pdftex.def Info: ./pics/mri2.png  used on input line 59.
(pdftex.def)             Requested size: 38.30162pt x 38.30301pt.
 [11 <./pics/log_window.png>]
\openout3 = `book.pyg'.

runsystem(pygmentize -l java -f latex -P commandprefix=PYG -F tokenmerge -o _mi
nted-book/CDBC70B1EFD205862FD06D76418BF85871E0C1AEB16F6962B864D2E27BEE29B9.pygt
ex book.pyg)...executed.


(./_minted-book/CDBC70B1EFD205862FD06D76418BF85871E0C1AEB16F6962B864D2E27BEE29B
9.pygtex)
<./pics/hello_world_dialog.png, id=256, 119.44624pt x 119.44624pt>
File: ./pics/hello_world_dialog.png Graphic file (type png)
<use ./pics/hello_world_dialog.png>
Package pdftex.def Info: ./pics/hello_world_dialog.png  used on input line 79.
(pdftex.def)             Requested size: 68.99895pt x 68.99817pt.
File: ./pics/mri2.png Graphic file (type png)
<use ./pics/mri2.png>
Package pdftex.def Info: ./pics/mri2.png  used on input line 90.
(pdftex.def)             Requested size: 38.30162pt x 38.30301pt.
 [12 <./pics/hello_world_dialog.png>]
\openout3 = `book.pyg'.

runsystem(pygmentize -l java -f latex -P commandprefix=PYG -F tokenmerge -o _mi
nted-book/1618B2521F2BCA9FA4A0E6EB9346E59C71E0C1AEB16F6962B864D2E27BEE29B9.pygt
ex book.pyg)...executed.


(./_minted-book/1618B2521F2BCA9FA4A0E6EB9346E59C71E0C1AEB16F6962B864D2E27BEE29B
9.pygtex)
<./pics/Hello_World_Result.png, id=263, 385.44pt x 385.44pt>
File: ./pics/Hello_World_Result.png Graphic file (type png)
<use ./pics/Hello_World_Result.png>
Package pdftex.def Info: ./pics/Hello_World_Result.png  used on input line 108.

(pdftex.def)             Requested size: 137.9979pt x 137.99371pt.
File: ./pics/mri2.png Graphic file (type png)
<use ./pics/mri2.png>
Package pdftex.def Info: ./pics/mri2.png  used on input line 116.
(pdftex.def)             Requested size: 38.30162pt x 38.30301pt.
 [13 <./pics/Hello_World_Result.png (PNG copy)>]
Overfull \hbox (10.38794pt too wide) in paragraph at lines 122--123
\OT1/cmr/m/n/10 Just be-fore the line \OT1/cmtt/m/n/10 Overlay.show() \OT1/cmr/
m/n/10 in-sert an-other line and type \OT1/cmtt/m/n/10 Overlay.hide()\OT1/cmr/m
/n/10 .
 []

<./pics/macro_interpreter.png, id=272, 451.6875pt x 171.64125pt>
File: ./pics/macro_interpreter.png Graphic file (type png)
<use ./pics/macro_interpreter.png>
Package pdftex.def Info: ./pics/macro_interpreter.png  used on input line 128.
(pdftex.def)             Requested size: 276.00105pt x 104.88695pt.
File: ./pics/mri2.png Graphic file (type png)
<use ./pics/mri2.png>
Package pdftex.def Info: ./pics/mri2.png  used on input line 133.
(pdftex.def)             Requested size: 38.30162pt x 38.30301pt.
[14 <./pics/macro_interpreter.png>]
Package hyperref Info: bookmark level for unknown exercise defaults to 0 on inp
ut line 138.
LaTeX Font Info:    Try loading font information for OMS+cmtt on input line 141
.

(/usr/share/texmf/tex/latex/R/tex/latex/omscmtt.fd
File: omscmtt.fd 
)
LaTeX Font Info:    Font shape `OMS/cmtt/m/n' in size <10> not available
(Font)              Font shape `OMS/cmsy/m/n' tried instead on input line 141.

Overfull \hbox (18.11038pt too wide) in paragraph at lines 161--162
\OT1/cmr/m/n/10 the im-age, open an-other ex-am-ple im-age, for ex-am-ple \OT1/
cmtt/m/n/10 File>>Open Samples>>Bridge
 []

\openout3 = `book.pyg'.

runsystem(pygmentize -l java -f latex -P commandprefix=PYG -F tokenmerge -o _mi
nted-book/3555506CD3F205706E5E42126157BCB371E0C1AEB16F6962B864D2E27BEE29B9.pygt
ex book.pyg)...executed.


(./_minted-book/3555506CD3F205706E5E42126157BCB371E0C1AEB16F6962B864D2E27BEE29B
9.pygtex)
\openout3 = `book.pyg'.

runsystem(pygmentize -l java -f latex -P commandprefix=PYG -F tokenmerge -o _mi
nted-book/2BFCBF9EC001F5D7D0F53589E94C2A9B71E0C1AEB16F6962B864D2E27BEE29B9.pygt
ex book.pyg)...executed.


(./_minted-book/2BFCBF9EC001F5D7D0F53589E94C2A9B71E0C1AEB16F6962B864D2E27BEE29B
9.pygtex)
<./pics/dialog_with_title.png, id=290, 119.44624pt x 119.44624pt>
File: ./pics/dialog_with_title.png Graphic file (type png)
<use ./pics/dialog_with_title.png>
Package pdftex.def Info: ./pics/dialog_with_title.png  used on input line 197.
(pdftex.def)             Requested size: 68.99895pt x 68.99817pt.


Package caption Warning: The option `hypcap=true' will be ignored for this
(caption)                particular \caption on input line 198.
See the caption package documentation for explanation.

\openout3 = `book.pyg'.

runsystem(pygmentize -l java -f latex -P commandprefix=PYG -F tokenmerge -o _mi
nted-book/5C1FA47BF73DBE7DF6BCC5BDB8B7881A71E0C1AEB16F6962B864D2E27BEE29B9.pygt
ex book.pyg)...executed.


(./_minted-book/5C1FA47BF73DBE7DF6BCC5BDB8B7881A71E0C1AEB16F6962B864D2E27BEE29B
9.pygtex)
<./pics/Hello_World_Rect_Result.png, id=293, 515.9275pt x 515.9275pt>
File: ./pics/Hello_World_Rect_Result.png Graphic file (type png)
<use ./pics/Hello_World_Rect_Result.png>
Package pdftex.def Info: ./pics/Hello_World_Rect_Result.png  used on input line
 221.
(pdftex.def)             Requested size: 137.9979pt x 137.99547pt.


Package caption Warning: The option `hypcap=true' will be ignored for this
(caption)                particular \caption on input line 222.
See the caption package documentation for explanation.

\openout3 = `book.pyg'.

runsystem(pygmentize -l java -f latex -P commandprefix=PYG -F tokenmerge -o _mi
nted-book/5B07CB4F07B6453C97D42942273796CE71E0C1AEB16F6962B864D2E27BEE29B9.pygt
ex book.pyg)...executed.


(./_minted-book/5B07CB4F07B6453C97D42942273796CE71E0C1AEB16F6962B864D2E27BEE29B
9.pygtex)
<./pics/bridge.png, id=296, 513.92pt x 513.92pt>
File: ./pics/bridge.png Graphic file (type png)
<use ./pics/bridge.png>
Package pdftex.def Info: ./pics/bridge.png  used on input line 243.
(pdftex.def)             Requested size: 207.0021pt x 206.99939pt.


Package caption Warning: The option `hypcap=true' will be ignored for this
(caption)                particular \caption on input line 244.
See the caption package documentation for explanation.

File: ./pics/mri2.png Graphic file (type png)
<use ./pics/mri2.png>
Package pdftex.def Info: ./pics/mri2.png  used on input line 248.
(pdftex.def)             Requested size: 38.30162pt x 38.30301pt.
[15]
File: ./pics/mri2.png Graphic file (type png)
<use ./pics/mri2.png>
Package pdftex.def Info: ./pics/mri2.png  used on input line 248.
(pdftex.def)             Requested size: 38.30162pt x 38.30301pt.
 [16 <./pics/dialog_with_title.png>]) (./syntax_and_semantics.tex
File: ./pics/mri2.png Graphic file (type png)
<use ./pics/mri2.png>
Package pdftex.def Info: ./pics/mri2.png  used on input line 1.
(pdftex.def)             Requested size: 38.30162pt x 38.30301pt.
 [17 <./pics/Hello_World_Rect_Result.png (PNG copy)> <./pics/bridge.png (PNG co
py)>]
File: ./pics/mri2.png Graphic file (type png)
<use ./pics/mri2.png>
Package pdftex.def Info: ./pics/mri2.png  used on input line 1.
(pdftex.def)             Requested size: 38.30162pt x 38.30301pt.

[18

]
Chapter 3.
[19]
\openout3 = `book.pyg'.

runsystem(pygmentize -l java -f latex -P commandprefix=PYG -F tokenmerge -o _mi
nted-book/EB6F1F9DF9133700A6AF3B823802823D71E0C1AEB16F6962B864D2E27BEE29B9.pygt
ex book.pyg)...executed.


(./_minted-book/EB6F1F9DF9133700A6AF3B823802823D71E0C1AEB16F6962B864D2E27BEE29B
9.pygtex)
\openout3 = `book.pyg'.

runsystem(pygmentize -l java -f latex -P commandprefix=PYG -F tokenmerge -o _mi
nted-book/4971FAF634C7BB482E2966B22E8BB29D71E0C1AEB16F6962B864D2E27BEE29B9.pygt
ex book.pyg)...executed.


(./_minted-book/4971FAF634C7BB482E2966B22E8BB29D71E0C1AEB16F6962B864D2E27BEE29B
9.pygtex)
Underfull \vbox (badness 10000) has occurred while \output is active []

File: ./pics/mri2.png Graphic file (type png)
<use ./pics/mri2.png>
Package pdftex.def Info: ./pics/mri2.png  used on input line 73.
(pdftex.def)             Requested size: 38.30162pt x 38.30301pt.
 [20]
\openout3 = `book.pyg'.

runsystem(pygmentize -l python -f latex -P commandprefix=PYG -F tokenmerge -o _
minted-book/CAD00243BD067C74F62BBEB56D6D55E47759FB51357738107F13BC8BB08E6E14.py
gtex book.pyg)...executed.


(./_minted-book/CAD00243BD067C74F62BBEB56D6D55E47759FB51357738107F13BC8BB08E6E1
4.pygtex
Missing character: There is no Ã in font cmtt10!
Missing character: There is no ¨ in font cmtt10!
Missing character: There is no Ã in font cmtt10!
Missing character: There is no § in font cmtt10!
Missing character: There is no Ã in font cmtt10!
Missing character: There is no   in font cmtt10!
Missing character: There is no Â in font cmtt10!
Missing character: There is no £ in font cmtt10!
Missing character: There is no Ã in font cmtt10!
Missing character: There is no ¹ in font cmtt10!
LaTeX Font Info:    Font shape `OT1/cmtt/bx/n' in size <10> not available
(Font)              Font shape `OT1/cmtt/m/n' tried instead on input line 13.
)
Underfull \vbox (badness 3386) has occurred while \output is active []

File: ./pics/mri2.png Graphic file (type png)
<use ./pics/mri2.png>
Package pdftex.def Info: ./pics/mri2.png  used on input line 107.
(pdftex.def)             Requested size: 38.30162pt x 38.30301pt.
 [21]
\openout3 = `book.pyg'.

runsystem(pygmentize -l text -f latex -P commandprefix=PYG -F tokenmerge -o _mi
nted-book/324BBE1B6F73ADD892770023A66B68C2E8A848C46D3D50E6B31DB7E849005A62.pygt
ex book.pyg)...executed.


(./_minted-book/324BBE1B6F73ADD892770023A66B68C2E8A848C46D3D50E6B31DB7E849005A6
2.pygtex
Missing character: There is no Ã in font cmtt10!
Missing character: There is no ¨ in font cmtt10!
Missing character: There is no Ã in font cmtt10!
Missing character: There is no § in font cmtt10!
Missing character: There is no Ã in font cmtt10!
Missing character: There is no   in font cmtt10!
Missing character: There is no Â in font cmtt10!
Missing character: There is no £ in font cmtt10!
Missing character: There is no Ã in font cmtt10!
Missing character: There is no ¹ in font cmtt10!
)
File: ./pics/mri2.png Graphic file (type png)
<use ./pics/mri2.png>
Package pdftex.def Info: ./pics/mri2.png  used on input line 136.
(pdftex.def)             Requested size: 38.30162pt x 38.30301pt.
 [22]
File: ./pics/mri2.png Graphic file (type png)
<use ./pics/mri2.png>
Package pdftex.def Info: ./pics/mri2.png  used on input line 151.
(pdftex.def)             Requested size: 38.30162pt x 38.30301pt.
 [23]
Underfull \hbox (badness 10000) in paragraph at lines 168--168
[]\OT1/cmr/m/n/10 addition of two
 []


Underfull \hbox (badness 10000) in paragraph at lines 169--169
[]\OT1/cmr/m/n/10 subtract operand
 []


Underfull \hbox (badness 10000) in paragraph at lines 170--170
[]\OT1/cmr/m/n/10 multiplication of
 []


Package caption Warning: The option `hypcap=true' will be ignored for this
(caption)                particular \caption on input line 176.
See the caption package documentation for explanation.


Overfull \hbox (3.27538pt too wide) in paragraph at lines 164--176
 [] 
 []

\openout3 = `book.pyg'.

runsystem(pygmentize -l java -f latex -P commandprefix=PYG -F tokenmerge -o _mi
nted-book/9172F28540DECBE77DA6E243085F47DD71E0C1AEB16F6962B864D2E27BEE29B9.pygt
ex book.pyg)...executed.


(./_minted-book/9172F28540DECBE77DA6E243085F47DD71E0C1AEB16F6962B864D2E27BEE29B
9.pygtex)
File: ./pics/mri2.png Graphic file (type png)
<use ./pics/mri2.png>
Package pdftex.def Info: ./pics/mri2.png  used on input line 199.
(pdftex.def)             Requested size: 38.30162pt x 38.30301pt.
 [24]
\openout3 = `book.pyg'.

runsystem(pygmentize -l java -f latex -P commandprefix=PYG -F tokenmerge -o _mi
nted-book/A55DF19BA6DE5546942522ADA001EC7571E0C1AEB16F6962B864D2E27BEE29B9.pygt
ex book.pyg)...executed.


(./_minted-book/A55DF19BA6DE5546942522ADA001EC7571E0C1AEB16F6962B864D2E27BEE29B
9.pygtex)
\openout3 = `book.pyg'.

runsystem(pygmentize -l java -f latex -P commandprefix=PYG -F tokenmerge -o _mi
nted-book/787B2C726720320F82417AC2219D2A3871E0C1AEB16F6962B864D2E27BEE29B9.pygt
ex book.pyg)...executed.


(./_minted-book/787B2C726720320F82417AC2219D2A3871E0C1AEB16F6962B864D2E27BEE29B
9.pygtex)
\openout3 = `book.pyg'.

runsystem(pygmentize -l java -f latex -P commandprefix=PYG -F tokenmerge -o _mi
nted-book/9D9C603B2326C815C005E3C5728BFEC471E0C1AEB16F6962B864D2E27BEE29B9.pygt
ex book.pyg)...executed.


(./_minted-book/9D9C603B2326C815C005E3C5728BFEC471E0C1AEB16F6962B864D2E27BEE29B
9.pygtex)
Underfull \vbox (badness 10000) has occurred while \output is active []

File: ./pics/mri2.png Graphic file (type png)
<use ./pics/mri2.png>
Package pdftex.def Info: ./pics/mri2.png  used on input line 242.
(pdftex.def)             Requested size: 38.30162pt x 38.30301pt.
 [25]
\openout3 = `book.pyg'.

runsystem(pygmentize -l java -f latex -P commandprefix=PYG -F tokenmerge -o _mi
nted-book/8DD1D80763A86200E6A000CEA1E74B3671E0C1AEB16F6962B864D2E27BEE29B9.pygt
ex book.pyg)...executed.


(./_minted-book/8DD1D80763A86200E6A000CEA1E74B3671E0C1AEB16F6962B864D2E27BEE29B
9.pygtex)
\openout3 = `book.pyg'.

runsystem(pygmentize -l java -f latex -P commandprefix=PYG -F tokenmerge -o _mi
nted-book/C99CAF9E395CD45BD61497610220DC4A71E0C1AEB16F6962B864D2E27BEE29B9.pygt
ex book.pyg)...executed.


(./_minted-book/C99CAF9E395CD45BD61497610220DC4A71E0C1AEB16F6962B864D2E27BEE29B
9.pygtex)
\openout3 = `book.pyg'.

runsystem(pygmentize -l java -f latex -P commandprefix=PYG -F tokenmerge -o _mi
nted-book/98311F478C694C1CB628D7C4C370DFC371E0C1AEB16F6962B864D2E27BEE29B9.pygt
ex book.pyg)...executed.


(./_minted-book/98311F478C694C1CB628D7C4C370DFC371E0C1AEB16F6962B864D2E27BEE29B
9.pygtex)
File: ./pics/mri2.png Graphic file (type png)
<use ./pics/mri2.png>
Package pdftex.def Info: ./pics/mri2.png  used on input line 287.
(pdftex.def)             Requested size: 38.30162pt x 38.30301pt.
 [26]
\openout3 = `book.pyg'.

runsystem(pygmentize -l java -f latex -P commandprefix=PYG -F tokenmerge -o _mi
nted-book/3B45A2A8D281B86605324117855FC45371E0C1AEB16F6962B864D2E27BEE29B9.pygt
ex book.pyg)...executed.


(./_minted-book/3B45A2A8D281B86605324117855FC45371E0C1AEB16F6962B864D2E27BEE29B
9.pygtex)
\openout3 = `book.pyg'.

runsystem(pygmentize -l java -f latex -P commandprefix=PYG -F tokenmerge -o _mi
nted-book/2FA943C9BCB852C716790A5F478BB42571E0C1AEB16F6962B864D2E27BEE29B9.pygt
ex book.pyg)...executed.


(./_minted-book/2FA943C9BCB852C716790A5F478BB42571E0C1AEB16F6962B864D2E27BEE29B
9.pygtex)
File: ./pics/mri2.png Graphic file (type png)
<use ./pics/mri2.png>
Package pdftex.def Info: ./pics/mri2.png  used on input line 328.
(pdftex.def)             Requested size: 38.30162pt x 38.30301pt.
 [27]
\openout3 = `book.pyg'.

runsystem(pygmentize -l java -f latex -P commandprefix=PYG -F tokenmerge -o _mi
nted-book/471FCFFF36A104B6E4E9D7298E29F43571E0C1AEB16F6962B864D2E27BEE29B9.pygt
ex book.pyg)...executed.


(./_minted-book/471FCFFF36A104B6E4E9D7298E29F43571E0C1AEB16F6962B864D2E27BEE29B
9.pygtex)
File: ./pics/mri2.png Graphic file (type png)
<use ./pics/mri2.png>
Package pdftex.def Info: ./pics/mri2.png  used on input line 360.
(pdftex.def)             Requested size: 38.30162pt x 38.30301pt.
 [28]
<./pics/618px_IEEE_754_Double_Floating_Point_Format.png, id=412, 620.3175pt x 1
25.46875pt>
File: ./pics/618px_IEEE_754_Double_Floating_Point_Format.png Graphic file (type
 png)
<use ./pics/618px_IEEE_754_Double_Floating_Point_Format.png>
Package pdftex.def Info: ./pics/618px_IEEE_754_Double_Floating_Point_Format.png
  used on input line 364.
(pdftex.def)             Requested size: 293.2521pt x 59.31491pt.
File: ./pics/mri2.png Graphic file (type png)
<use ./pics/mri2.png>
Package pdftex.def Info: ./pics/mri2.png  used on input line 395.
(pdftex.def)             Requested size: 38.30162pt x 38.30301pt.
 [29 <./pics/618px_IEEE_754_Double_Floating_Point_Format.png>]
\openout3 = `book.pyg'.

runsystem(pygmentize -l java -f latex -P commandprefix=PYG -F tokenmerge -o _mi
nted-book/BB1C8EAB5BA6FD7B8FDE6F7243CA21DD71E0C1AEB16F6962B864D2E27BEE29B9.pygt
ex book.pyg)...executed.


(./_minted-book/BB1C8EAB5BA6FD7B8FDE6F7243CA21DD71E0C1AEB16F6962B864D2E27BEE29B
9.pygtex)
File: ./pics/mri2.png Graphic file (type png)
<use ./pics/mri2.png>
Package pdftex.def Info: ./pics/mri2.png  used on input line 427.
(pdftex.def)             Requested size: 38.30162pt x 38.30301pt.
 [30]
\openout3 = `book.pyg'.

runsystem(pygmentize -l python -f latex -P commandprefix=PYG -F tokenmerge -o _
minted-book/E7CDEA4EAB0290087CEC936AF9AFAE517759FB51357738107F13BC8BB08E6E14.py
gtex book.pyg)...executed.


(./_minted-book/E7CDEA4EAB0290087CEC936AF9AFAE517759FB51357738107F13BC8BB08E6E1
4.pygtex)
\openout3 = `book.pyg'.

runsystem(pygmentize -l text -f latex -P commandprefix=PYG -F tokenmerge -o _mi
nted-book/2BD4A8AA7EFC960FA7051DE21A2F6961E8A848C46D3D50E6B31DB7E849005A62.pygt
ex book.pyg)...executed.


(./_minted-book/2BD4A8AA7EFC960FA7051DE21A2F6961E8A848C46D3D50E6B31DB7E849005A6
2.pygtex)
Underfull \vbox (badness 10000) has occurred while \output is active []

File: ./pics/mri2.png Graphic file (type png)
<use ./pics/mri2.png>
Package pdftex.def Info: ./pics/mri2.png  used on input line 459.
(pdftex.def)             Requested size: 38.30162pt x 38.30301pt.
 [31]
\openout3 = `book.pyg'.

runsystem(pygmentize -l java -f latex -P commandprefix=PYG -F tokenmerge -o _mi
nted-book/955C34032E38A8A7812302E338DBA9E171E0C1AEB16F6962B864D2E27BEE29B9.pygt
ex book.pyg)...executed.


(./_minted-book/955C34032E38A8A7812302E338DBA9E171E0C1AEB16F6962B864D2E27BEE29B
9.pygtex)
File: ./pics/mri2.png Graphic file (type png)
<use ./pics/mri2.png>
Package pdftex.def Info: ./pics/mri2.png  used on input line 487.
(pdftex.def)             Requested size: 38.30162pt x 38.30301pt.
 [32]
\openout3 = `book.pyg'.

runsystem(pygmentize -l java -f latex -P commandprefix=PYG -F tokenmerge -o _mi
nted-book/BCD21529F837D86D48567ECAE574D91E71E0C1AEB16F6962B864D2E27BEE29B9.pygt
ex book.pyg)...executed.


(./_minted-book/BCD21529F837D86D48567ECAE574D91E71E0C1AEB16F6962B864D2E27BEE29B
9.pygtex)
\openout3 = `book.pyg'.

runsystem(pygmentize -l java -f latex -P commandprefix=PYG -F tokenmerge -o _mi
nted-book/5A9554E48C1C0F16ABB3392A9D590DF471E0C1AEB16F6962B864D2E27BEE29B9.pygt
ex book.pyg)...executed.


(./_minted-book/5A9554E48C1C0F16ABB3392A9D590DF471E0C1AEB16F6962B864D2E27BEE29B
9.pygtex)
Underfull \vbox (badness 3792) has occurred while \output is active []

File: ./pics/mri2.png Graphic file (type png)
<use ./pics/mri2.png>
Package pdftex.def Info: ./pics/mri2.png  used on input line 530.
(pdftex.def)             Requested size: 38.30162pt x 38.30301pt.
 [33]
Underfull \hbox (badness 1688) in paragraph at lines 540--540
[]\OT1/cmr/m/n/10 only zero if both
 []

LaTeX Font Info:    Try loading font information for OML+cmr on input line 543.

(/usr/share/texlive/texmf-dist/tex/latex/base/omlcmr.fd
File: omlcmr.fd 2014/09/29 v2.5h Standard LaTeX font definitions
)
LaTeX Font Info:    Font shape `OML/cmr/m/n' in size <10> not available
(Font)              Font shape `OML/cmm/m/it' tried instead on input line 543.

Underfull \hbox (badness 2229) in paragraph at lines 543--543
[]\OT1/cmr/m/n/10 shifts the bits of
 []


Underfull \hbox (badness 3977) in paragraph at lines 543--543
\OT1/cmr/m/n/10 num-ber of places
 []


Underfull \hbox (badness 2229) in paragraph at lines 544--544
[]\OT1/cmr/m/n/10 shifts the bits of
 []


Underfull \hbox (badness 3977) in paragraph at lines 544--544
\OT1/cmr/m/n/10 num-ber of places
 []


Underfull \hbox (badness 4291) in paragraph at lines 544--544
\OT1/cmr/m/n/10 give by the sec-
 []


Package caption Warning: The option `hypcap=true' will be ignored for this
(caption)                particular \caption on input line 546.
See the caption package documentation for explanation.


Overfull \hbox (28.60869pt too wide) in paragraph at lines 536--546
 [] 
 []

File: ./pics/mri2.png Graphic file (type png)
<use ./pics/mri2.png>
Package pdftex.def Info: ./pics/mri2.png  used on input line 551.
(pdftex.def)             Requested size: 38.30162pt x 38.30301pt.
[34]

Package caption Warning: The option `hypcap=true' will be ignored for this
(caption)                particular \caption on input line 568.
See the caption package documentation for explanation.


Package caption Warning: The option `hypcap=true' will be ignored for this
(caption)                particular \caption on input line 587.
See the caption package documentation for explanation.


Underfull \vbox (badness 10000) has occurred while \output is active []

File: ./pics/mri2.png Graphic file (type png)
<use ./pics/mri2.png>
Package pdftex.def Info: ./pics/mri2.png  used on input line 587.
(pdftex.def)             Requested size: 38.30162pt x 38.30301pt.
 [35]
Overfull \hbox (5.23976pt too wide) in paragraph at lines 595--597
\OT1/cmr/m/n/10 val-ues. This is for ex-am-ple the case for the \OT1/cmtt/m/n/1
0 setPixel(x,y,v) \OT1/cmr/m/n/10 and \OT1/cmtt/m/n/10 getPixel(x,y)
 []

\openout3 = `book.pyg'.

runsystem(pygmentize -l java -f latex -P commandprefix=PYG -F tokenmerge -o _mi
nted-book/222531D875B56F292E0511D3D0D070A671E0C1AEB16F6962B864D2E27BEE29B9.pygt
ex book.pyg)...executed.


(./_minted-book/222531D875B56F292E0511D3D0D070A671E0C1AEB16F6962B864D2E27BEE29B
9.pygtex)
Underfull \vbox (badness 10000) has occurred while \output is active []

File: ./pics/mri2.png Graphic file (type png)
<use ./pics/mri2.png>
Package pdftex.def Info: ./pics/mri2.png  used on input line 613.
(pdftex.def)             Requested size: 38.30162pt x 38.30301pt.
 [36]
LaTeX Font Info:    Try loading font information for OML+cmtt on input line 616
.
LaTeX Font Info:    No file OMLcmtt.fd. on input line 616.


LaTeX Font Warning: Font shape `OML/cmtt/m/n' undefined
(Font)              using `OML/cmm/m/it' instead
(Font)              for symbol `textless' on input line 616.


Overfull \hbox (2.91733pt too wide) in paragraph at lines 616--617
\OT1/cmr/m/n/10 The com-par-i-son op-er-a-tions are de-fined for all ba-sic dat
atypes: num-bers, booleans
 []

\openout3 = `book.pyg'.

runsystem(pygmentize -l java -f latex -P commandprefix=PYG -F tokenmerge -o _mi
nted-book/140AB9BFD500B1B5D620829A9B06F85C71E0C1AEB16F6962B864D2E27BEE29B9.pygt
ex book.pyg)...executed.


(./_minted-book/140AB9BFD500B1B5D620829A9B06F85C71E0C1AEB16F6962B864D2E27BEE29B
9.pygtex)
File: ./pics/mri2.png Graphic file (type png)
<use ./pics/mri2.png>
Package pdftex.def Info: ./pics/mri2.png  used on input line 643.
(pdftex.def)             Requested size: 38.30162pt x 38.30301pt.
 [37]
\openout3 = `book.pyg'.

runsystem(pygmentize -l java -f latex -P commandprefix=PYG -F tokenmerge -o _mi
nted-book/71AA727707D08F382569303BF2543E2871E0C1AEB16F6962B864D2E27BEE29B9.pygt
ex book.pyg)...executed.


(./_minted-book/71AA727707D08F382569303BF2543E2871E0C1AEB16F6962B864D2E27BEE29B
9.pygtex)
\openout3 = `book.pyg'.

runsystem(pygmentize -l text -f latex -P commandprefix=PYG -F tokenmerge -o _mi
nted-book/D8A011C643A01E82A8858C11F5B76A66E8A848C46D3D50E6B31DB7E849005A62.pygt
ex book.pyg)...executed.


(./_minted-book/D8A011C643A01E82A8858C11F5B76A66E8A848C46D3D50E6B31DB7E849005A6
2.pygtex)
File: ./pics/mri2.png Graphic file (type png)
<use ./pics/mri2.png>
Package pdftex.def Info: ./pics/mri2.png  used on input line 674.
(pdftex.def)             Requested size: 38.30162pt x 38.30301pt.
 [38]
\openout3 = `book.pyg'.

runsystem(pygmentize -l java -f latex -P commandprefix=PYG -F tokenmerge -o _mi
nted-book/EA72BD4E8BF8646BC7349EAE3D62D28271E0C1AEB16F6962B864D2E27BEE29B9.pygt
ex book.pyg)...executed.


(./_minted-book/EA72BD4E8BF8646BC7349EAE3D62D28271E0C1AEB16F6962B864D2E27BEE29B
9.pygtex)
\openout3 = `book.pyg'.

runsystem(pygmentize -l java -f latex -P commandprefix=PYG -F tokenmerge -o _mi
nted-book/F600DE376DC9A99D3AC9F4A8CD2B47A171E0C1AEB16F6962B864D2E27BEE29B9.pygt
ex book.pyg)...executed.


(./_minted-book/F600DE376DC9A99D3AC9F4A8CD2B47A171E0C1AEB16F6962B864D2E27BEE29B
9.pygtex)
Underfull \hbox (badness 4291) in paragraph at lines 707--707
\OT1/cmr/m/n/10 adds one to the
 []


Underfull \hbox (badness 1112) in paragraph at lines 707--707
\OT1/cmr/m/n/10 value of the vari-
 []


Underfull \hbox (badness 2088) in paragraph at lines 707--707
\OT1/cmr/m/n/10 able ei-ther be-fore
 []


Underfull \hbox (badness 4686) in paragraph at lines 707--707
\OT1/cmr/m/n/10 the eval-u-a-tion of
 []


Underfull \hbox (badness 2111) in paragraph at lines 707--707
\OT1/cmr/m/n/10 pres-sion (prein-cre-
 []


Underfull \hbox (badness 3942) in paragraph at lines 708--708
\OT1/cmr/m/n/10 the value of the
 []


Underfull \hbox (badness 10000) in paragraph at lines 708--708
\OT1/cmr/m/n/10 of the con-tain-
 []


Underfull \hbox (badness 10000) in paragraph at lines 708--708
\OT1/cmr/m/n/10 ing ex-pres-sion
 []


Underfull \hbox (badness 10000) in paragraph at lines 708--708
\OT1/cmr/m/n/10 (pre-decre-ment)
 []


Underfull \hbox (badness 10000) in paragraph at lines 708--708
\OT1/cmr/m/n/10 or af-ter-wards
 []


Underfull \hbox (badness 1484) in paragraph at lines 709--709
[]\OT1/cmr/m/n/10 add the value on
 []


Underfull \hbox (badness 1028) in paragraph at lines 709--709
\OT1/cmr/m/n/10 the right hand of
 []


Underfull \hbox (badness 3635) in paragraph at lines 709--709
\OT1/cmr/m/n/10 the ex-pres-sion to
 []


Underfull \hbox (badness 1590) in paragraph at lines 711--711
[]\OT1/cmr/m/n/10 multiply the vari-
 []


Underfull \hbox (badness 1028) in paragraph at lines 712--712
\OT1/cmr/m/n/10 right hand of the
 []


Package caption Warning: The option `hypcap=true' will be ignored for this
(caption)                particular \caption on input line 714.
See the caption package documentation for explanation.


Overfull \hbox (77.55328pt too wide) in paragraph at lines 704--714
 [] 
 []


Underfull \vbox (badness 10000) has occurred while \output is active []

File: ./pics/mri2.png Graphic file (type png)
<use ./pics/mri2.png>
Package pdftex.def Info: ./pics/mri2.png  used on input line 714.
(pdftex.def)             Requested size: 38.30162pt x 38.30301pt.
 [39]
\openout3 = `book.pyg'.

runsystem(pygmentize -l java -f latex -P commandprefix=PYG -F tokenmerge -o _mi
nted-book/B515AD08BFDEE91A3DC16184481CCE4871E0C1AEB16F6962B864D2E27BEE29B9.pygt
ex book.pyg)...executed.


(./_minted-book/B515AD08BFDEE91A3DC16184481CCE4871E0C1AEB16F6962B864D2E27BEE29B
9.pygtex)
File: ./pics/mri2.png Graphic file (type png)
<use ./pics/mri2.png>
Package pdftex.def Info: ./pics/mri2.png  used on input line 735.
(pdftex.def)             Requested size: 38.30162pt x 38.30301pt.
 [40]
\openout3 = `book.pyg'.

runsystem(pygmentize -l java -f latex -P commandprefix=PYG -F tokenmerge -o _mi
nted-book/558C31ABB3BB39228454EFD6E685CC3971E0C1AEB16F6962B864D2E27BEE29B9.pygt
ex book.pyg)...executed.


(./_minted-book/558C31ABB3BB39228454EFD6E685CC3971E0C1AEB16F6962B864D2E27BEE29B
9.pygtex)
\openout3 = `book.pyg'.

runsystem(pygmentize -l java -f latex -P commandprefix=PYG -F tokenmerge -o _mi
nted-book/34AA2755329DDF986D6FBCAFAB6AA81071E0C1AEB16F6962B864D2E27BEE29B9.pygt
ex book.pyg)...executed.


(./_minted-book/34AA2755329DDF986D6FBCAFAB6AA81071E0C1AEB16F6962B864D2E27BEE29B
9.pygtex)
File: ./pics/mri2.png Graphic file (type png)
<use ./pics/mri2.png>
Package pdftex.def Info: ./pics/mri2.png  used on input line 770.
(pdftex.def)             Requested size: 38.30162pt x 38.30301pt.
 [41]
\openout3 = `book.pyg'.

runsystem(pygmentize -l java -f latex -P commandprefix=PYG -F tokenmerge -o _mi
nted-book/AEC94714C730A9F4FB32D6B91EB19A6B71E0C1AEB16F6962B864D2E27BEE29B9.pygt
ex book.pyg)...executed.


(./_minted-book/AEC94714C730A9F4FB32D6B91EB19A6B71E0C1AEB16F6962B864D2E27BEE29B
9.pygtex)
\openout3 = `book.pyg'.

runsystem(pygmentize -l java -f latex -P commandprefix=PYG -F tokenmerge -o _mi
nted-book/1981F9CA6BA48579D256C7E94C5B83E071E0C1AEB16F6962B864D2E27BEE29B9.pygt
ex book.pyg)...executed.


(./_minted-book/1981F9CA6BA48579D256C7E94C5B83E071E0C1AEB16F6962B864D2E27BEE29B
9.pygtex)
\openout3 = `book.pyg'.

runsystem(pygmentize -l java -f latex -P commandprefix=PYG -F tokenmerge -o _mi
nted-book/A6794513668D1EEF0549313F652106BF71E0C1AEB16F6962B864D2E27BEE29B9.pygt
ex book.pyg)...executed.


(./_minted-book/A6794513668D1EEF0549313F652106BF71E0C1AEB16F6962B864D2E27BEE29B
9.pygtex)
Underfull \vbox (badness 6961) has occurred while \output is active []

File: ./pics/mri2.png Graphic file (type png)
<use ./pics/mri2.png>
Package pdftex.def Info: ./pics/mri2.png  used on input line 817.
(pdftex.def)             Requested size: 38.30162pt x 38.30301pt.
 [42]
\openout3 = `book.pyg'.

runsystem(pygmentize -l java -f latex -P commandprefix=PYG -F tokenmerge -o _mi
nted-book/137915540FF58CABEC8B037B81C4BF8771E0C1AEB16F6962B864D2E27BEE29B9.pygt
ex book.pyg)...executed.


(./_minted-book/137915540FF58CABEC8B037B81C4BF8771E0C1AEB16F6962B864D2E27BEE29B
9.pygtex)
\openout3 = `book.pyg'.

runsystem(pygmentize -l java -f latex -P commandprefix=PYG -F tokenmerge -o _mi
nted-book/2D9778F8D60EE7767D70E1E11712FB7E71E0C1AEB16F6962B864D2E27BEE29B9.pygt
ex book.pyg)...executed.


(./_minted-book/2D9778F8D60EE7767D70E1E11712FB7E71E0C1AEB16F6962B864D2E27BEE29B
9.pygtex)
Underfull \vbox (badness 10000) has occurred while \output is active []

File: ./pics/mri2.png Graphic file (type png)
<use ./pics/mri2.png>
Package pdftex.def Info: ./pics/mri2.png  used on input line 852.
(pdftex.def)             Requested size: 38.30162pt x 38.30301pt.
 [43]
\openout3 = `book.pyg'.

runsystem(pygmentize -l java -f latex -P commandprefix=PYG -F tokenmerge -o _mi
nted-book/BB258AFFE6AF8EB162818EA02773FA9C71E0C1AEB16F6962B864D2E27BEE29B9.pygt
ex book.pyg)...executed.


(./_minted-book/BB258AFFE6AF8EB162818EA02773FA9C71E0C1AEB16F6962B864D2E27BEE29B
9.pygtex)
File: ./pics/mri2.png Graphic file (type png)
<use ./pics/mri2.png>
Package pdftex.def Info: ./pics/mri2.png  used on input line 880.
(pdftex.def)             Requested size: 38.30162pt x 38.30301pt.
 [44]
\openout3 = `book.pyg'.

runsystem(pygmentize -l java -f latex -P commandprefix=PYG -F tokenmerge -o _mi
nted-book/171CDF9F65542C97DD1E689D0B37B64971E0C1AEB16F6962B864D2E27BEE29B9.pygt
ex book.pyg)...executed.


(./_minted-book/171CDF9F65542C97DD1E689D0B37B64971E0C1AEB16F6962B864D2E27BEE29B
9.pygtex)
\openout3 = `book.pyg'.

runsystem(pygmentize -l java -f latex -P commandprefix=PYG -F tokenmerge -o _mi
nted-book/3A6AF404A5E1C33B8AEC17142265996771E0C1AEB16F6962B864D2E27BEE29B9.pygt
ex book.pyg)...executed.


(./_minted-book/3A6AF404A5E1C33B8AEC17142265996771E0C1AEB16F6962B864D2E27BEE29B
9.pygtex)
File: ./pics/mri2.png Graphic file (type png)
<use ./pics/mri2.png>
Package pdftex.def Info: ./pics/mri2.png  used on input line 916.
(pdftex.def)             Requested size: 38.30162pt x 38.30301pt.
 [45]
\openout3 = `book.pyg'.

runsystem(pygmentize -l java -f latex -P commandprefix=PYG -F tokenmerge -o _mi
nted-book/A136FFD40686EC7C7C118C779161155671E0C1AEB16F6962B864D2E27BEE29B9.pygt
ex book.pyg)...executed.


(./_minted-book/A136FFD40686EC7C7C118C779161155671E0C1AEB16F6962B864D2E27BEE29B
9.pygtex)
\openout3 = `book.pyg'.

runsystem(pygmentize -l java -f latex -P commandprefix=PYG -F tokenmerge -o _mi
nted-book/D9FAACB9992A0E08A49FE0C34523D7F671E0C1AEB16F6962B864D2E27BEE29B9.pygt
ex book.pyg)...executed.


(./_minted-book/D9FAACB9992A0E08A49FE0C34523D7F671E0C1AEB16F6962B864D2E27BEE29B
9.pygtex)
\openout3 = `book.pyg'.

runsystem(pygmentize -l java -f latex -P commandprefix=PYG -F tokenmerge -o _mi
nted-book/20D87FC6FB92DF22DAFAC8F5B3BEB8E671E0C1AEB16F6962B864D2E27BEE29B9.pygt
ex book.pyg)...executed.


(./_minted-book/20D87FC6FB92DF22DAFAC8F5B3BEB8E671E0C1AEB16F6962B864D2E27BEE29B
9.pygtex)
Underfull \vbox (badness 10000) has occurred while \output is active []

File: ./pics/mri2.png Graphic file (type png)
<use ./pics/mri2.png>
Package pdftex.def Info: ./pics/mri2.png  used on input line 955.
(pdftex.def)             Requested size: 38.30162pt x 38.30301pt.
 [46]
\openout3 = `book.pyg'.

runsystem(pygmentize -l java -f latex -P commandprefix=PYG -F tokenmerge -o _mi
nted-book/D00E47E91C4C6F8C6F1770868C1604B671E0C1AEB16F6962B864D2E27BEE29B9.pygt
ex book.pyg)...executed.


(./_minted-book/D00E47E91C4C6F8C6F1770868C1604B671E0C1AEB16F6962B864D2E27BEE29B
9.pygtex)
\openout3 = `book.pyg'.

runsystem(pygmentize -l java -f latex -P commandprefix=PYG -F tokenmerge -o _mi
nted-book/9B2073DA4C99BEB4224E9EFACC596C2771E0C1AEB16F6962B864D2E27BEE29B9.pygt
ex book.pyg)...executed.


(./_minted-book/9B2073DA4C99BEB4224E9EFACC596C2771E0C1AEB16F6962B864D2E27BEE29B
9.pygtex)
File: ./pics/mri2.png Graphic file (type png)
<use ./pics/mri2.png>
Package pdftex.def Info: ./pics/mri2.png  used on input line 988.
(pdftex.def)             Requested size: 38.30162pt x 38.30301pt.
 [47]
\openout3 = `book.pyg'.

runsystem(pygmentize -l java -f latex -P commandprefix=PYG -F tokenmerge -o _mi
nted-book/73E1EDC23F57BD743A4D0322274F09A771E0C1AEB16F6962B864D2E27BEE29B9.pygt
ex book.pyg)...executed.


(./_minted-book/73E1EDC23F57BD743A4D0322274F09A771E0C1AEB16F6962B864D2E27BEE29B
9.pygtex)
\openout3 = `book.pyg'.

runsystem(pygmentize -l java -f latex -P commandprefix=PYG -F tokenmerge -o _mi
nted-book/2EBCA491726F57A407A90FDC0956C25171E0C1AEB16F6962B864D2E27BEE29B9.pygt
ex book.pyg)...executed.


(./_minted-book/2EBCA491726F57A407A90FDC0956C25171E0C1AEB16F6962B864D2E27BEE29B
9.pygtex)
Underfull \vbox (badness 10000) has occurred while \output is active []

File: ./pics/mri2.png Graphic file (type png)
<use ./pics/mri2.png>
Package pdftex.def Info: ./pics/mri2.png  used on input line 1029.
(pdftex.def)             Requested size: 38.30162pt x 38.30301pt.
 [48]
\openout3 = `book.pyg'.

runsystem(pygmentize -l java -f latex -P commandprefix=PYG -F tokenmerge -o _mi
nted-book/D7DA385B125E0DDBDBB146D7CC32F27A71E0C1AEB16F6962B864D2E27BEE29B9.pygt
ex book.pyg)...executed.


(./_minted-book/D7DA385B125E0DDBDBB146D7CC32F27A71E0C1AEB16F6962B864D2E27BEE29B
9.pygtex)
<./pics/pattern.png, id=582, 191.71625pt x 191.71625pt>
File: ./pics/pattern.png Graphic file (type png)
<use ./pics/pattern.png>
Package pdftex.def Info: ./pics/pattern.png  used on input line 1051.
(pdftex.def)             Requested size: 137.9979pt x 138.00633pt.


LaTeX Warning: `!h' float specifier changed to `!ht'.

\openout3 = `book.pyg'.

runsystem(pygmentize -l java -f latex -P commandprefix=PYG -F tokenmerge -o _mi
nted-book/564A74406F065E04C12B7564D8EF117D71E0C1AEB16F6962B864D2E27BEE29B9.pygt
ex book.pyg)...executed.


(./_minted-book/564A74406F065E04C12B7564D8EF117D71E0C1AEB16F6962B864D2E27BEE29B
9.pygtex)
File: ./pics/mri2.png Graphic file (type png)
<use ./pics/mri2.png>
Package pdftex.def Info: ./pics/mri2.png  used on input line 1071.
(pdftex.def)             Requested size: 38.30162pt x 38.30301pt.
 [49]
\openout3 = `book.pyg'.

runsystem(pygmentize -l java -f latex -P commandprefix=PYG -F tokenmerge -o _mi
nted-book/E8A15F8B816780A804FAB67565B5006D71E0C1AEB16F6962B864D2E27BEE29B9.pygt
ex book.pyg)...executed.


(./_minted-book/E8A15F8B816780A804FAB67565B5006D71E0C1AEB16F6962B864D2E27BEE29B
9.pygtex)
Underfull \vbox (badness 10000) has occurred while \output is active []

File: ./pics/mri2.png Graphic file (type png)
<use ./pics/mri2.png>
Package pdftex.def Info: ./pics/mri2.png  used on input line 1088.
(pdftex.def)             Requested size: 38.30162pt x 38.30301pt.
 [50 <./pics/pattern.png (PNG copy)>]
\openout3 = `book.pyg'.

runsystem(pygmentize -l java -f latex -P commandprefix=PYG -F tokenmerge -o _mi
nted-book/99FD46F25444B4241C60F44BBD7B608E71E0C1AEB16F6962B864D2E27BEE29B9.pygt
ex book.pyg)...executed.


(./_minted-book/99FD46F25444B4241C60F44BBD7B608E71E0C1AEB16F6962B864D2E27BEE29B
9.pygtex)

Package amsmath Warning: Foreign command \over;
(amsmath)                \frac or \genfrac should be used instead
(amsmath)                 on input line 1108.

\openout3 = `book.pyg'.

runsystem(pygmentize -l java -f latex -P commandprefix=PYG -F tokenmerge -o _mi
nted-book/F2FC72C0E20B161AFB9F6B796D692F6F71E0C1AEB16F6962B864D2E27BEE29B9.pygt
ex book.pyg)...executed.


(./_minted-book/F2FC72C0E20B161AFB9F6B796D692F6F71E0C1AEB16F6962B864D2E27BEE29B
9.pygtex)
File: ./pics/mri2.png Graphic file (type png)
<use ./pics/mri2.png>
Package pdftex.def Info: ./pics/mri2.png  used on input line 1126.
(pdftex.def)             Requested size: 38.30162pt x 38.30301pt.
 [51]
\openout3 = `book.pyg'.

runsystem(pygmentize -l java -f latex -P commandprefix=PYG -F tokenmerge -o _mi
nted-book/6F63373F82D63FB35E0556B42A7D906171E0C1AEB16F6962B864D2E27BEE29B9.pygt
ex book.pyg)...executed.


(./_minted-book/6F63373F82D63FB35E0556B42A7D906171E0C1AEB16F6962B864D2E27BEE29B
9.pygtex)
\openout3 = `book.pyg'.

runsystem(pygmentize -l java -f latex -P commandprefix=PYG -F tokenmerge -o _mi
nted-book/AB9DA2AE9293F9481BAB27F25C7940C671E0C1AEB16F6962B864D2E27BEE29B9.pygt
ex book.pyg)...executed.


(./_minted-book/AB9DA2AE9293F9481BAB27F25C7940C671E0C1AEB16F6962B864D2E27BEE29B
9.pygtex)
Underfull \vbox (badness 10000) has occurred while \output is active []

File: ./pics/mri2.png Graphic file (type png)
<use ./pics/mri2.png>
Package pdftex.def Info: ./pics/mri2.png  used on input line 1170.
(pdftex.def)             Requested size: 38.30162pt x 38.30301pt.
 [52]
<./pics/random_walk.png, id=616, 266.9975pt x 266.9975pt>
File: ./pics/random_walk.png Graphic file (type png)
<use ./pics/random_walk.png>
Package pdftex.def Info: ./pics/random_walk.png  used on input line 1175.
(pdftex.def)             Requested size: 137.9979pt x 138.0043pt.
\openout3 = `book.pyg'.

runsystem(pygmentize -l java -f latex -P commandprefix=PYG -F tokenmerge -o _mi
nted-book/841DAE4E15374756D7485990F4EC33C171E0C1AEB16F6962B864D2E27BEE29B9.pygt
ex book.pyg)...executed.


(./_minted-book/841DAE4E15374756D7485990F4EC33C171E0C1AEB16F6962B864D2E27BEE29B
9.pygtex)
Underfull \vbox (badness 1558) has occurred while \output is active []

File: ./pics/mri2.png Graphic file (type png)
<use ./pics/mri2.png>
Package pdftex.def Info: ./pics/mri2.png  used on input line 1193.
(pdftex.def)             Requested size: 38.30162pt x 38.30301pt.
 [53 <./pics/random_walk.png (PNG copy)>]
\openout3 = `book.pyg'.

runsystem(pygmentize -l java -f latex -P commandprefix=PYG -F tokenmerge -o _mi
nted-book/CA0D12FE813B782459DB32A20A6F97D171E0C1AEB16F6962B864D2E27BEE29B9.pygt
ex book.pyg)...executed.


(./_minted-book/CA0D12FE813B782459DB32A20A6F97D171E0C1AEB16F6962B864D2E27BEE29B
9.pygtex)
\openout3 = `book.pyg'.

runsystem(pygmentize -l java -f latex -P commandprefix=PYG -F tokenmerge -o _mi
nted-book/98C740A12C7DF5080CCD11EC839FD6B771E0C1AEB16F6962B864D2E27BEE29B9.pygt
ex book.pyg)...executed.


(./_minted-book/98C740A12C7DF5080CCD11EC839FD6B771E0C1AEB16F6962B864D2E27BEE29B
9.pygtex)
File: ./pics/mri2.png Graphic file (type png)
<use ./pics/mri2.png>
Package pdftex.def Info: ./pics/mri2.png  used on input line 1226.
(pdftex.def)             Requested size: 38.30162pt x 38.30301pt.
 [54]
\openout3 = `book.pyg'.

runsystem(pygmentize -l java -f latex -P commandprefix=PYG -F tokenmerge -o _mi
nted-book/33988C24A5949CCFB32615E1E47754D271E0C1AEB16F6962B864D2E27BEE29B9.pygt
ex book.pyg)...executed.


(./_minted-book/33988C24A5949CCFB32615E1E47754D271E0C1AEB16F6962B864D2E27BEE29B
9.pygtex)

LaTeX Warning: Reference `lst:fct_circle' on page 55 undefined on input line 12
50.

\openout3 = `book.pyg'.

runsystem(pygmentize -l java -f latex -P commandprefix=PYG -F tokenmerge -o _mi
nted-book/E29E021362DD6CFA36399E14F61285CB71E0C1AEB16F6962B864D2E27BEE29B9.pygt
ex book.pyg)...executed.


(./_minted-book/E29E021362DD6CFA36399E14F61285CB71E0C1AEB16F6962B864D2E27BEE29B
9.pygtex)
File: ./pics/mri2.png Graphic file (type png)
<use ./pics/mri2.png>
Package pdftex.def Info: ./pics/mri2.png  used on input line 1271.
(pdftex.def)             Requested size: 38.30162pt x 38.30301pt.
 [55]
\openout3 = `book.pyg'.

runsystem(pygmentize -l java -f latex -P commandprefix=PYG -F tokenmerge -o _mi
nted-book/24E4B496991CEE3C8FD433CA076C790971E0C1AEB16F6962B864D2E27BEE29B9.pygt
ex book.pyg)...executed.


(./_minted-book/24E4B496991CEE3C8FD433CA076C790971E0C1AEB16F6962B864D2E27BEE29B
9.pygtex)
\openout3 = `book.pyg'.

runsystem(pygmentize -l java -f latex -P commandprefix=PYG -F tokenmerge -o _mi
nted-book/42425A19F5DF99822C4608F66005CD8F71E0C1AEB16F6962B864D2E27BEE29B9.pygt
ex book.pyg)...executed.


(./_minted-book/42425A19F5DF99822C4608F66005CD8F71E0C1AEB16F6962B864D2E27BEE29B
9.pygtex)
File: ./pics/mri2.png Graphic file (type png)
<use ./pics/mri2.png>
Package pdftex.def Info: ./pics/mri2.png  used on input line 1307.
(pdftex.def)             Requested size: 38.30162pt x 38.30301pt.
 [56]
\openout3 = `book.pyg'.

runsystem(pygmentize -l java -f latex -P commandprefix=PYG -F tokenmerge -o _mi
nted-book/BD6BB015717FF3ED2AD49AB49200E3A271E0C1AEB16F6962B864D2E27BEE29B9.pygt
ex book.pyg)...executed.


(./_minted-book/BD6BB015717FF3ED2AD49AB49200E3A271E0C1AEB16F6962B864D2E27BEE29B
9.pygtex)
File: ./pics/mri2.png Graphic file (type png)
<use ./pics/mri2.png>
Package pdftex.def Info: ./pics/mri2.png  used on input line 1336.
(pdftex.def)             Requested size: 38.30162pt x 38.30301pt.
 [57]
\openout3 = `book.pyg'.

runsystem(pygmentize -l java -f latex -P commandprefix=PYG -F tokenmerge -o _mi
nted-book/AE492EC30A688C22A48A36B7F771558871E0C1AEB16F6962B864D2E27BEE29B9.pygt
ex book.pyg)...executed.


(./_minted-book/AE492EC30A688C22A48A36B7F771558871E0C1AEB16F6962B864D2E27BEE29B
9.pygtex)
\openout3 = `book.pyg'.

runsystem(pygmentize -l java -f latex -P commandprefix=PYG -F tokenmerge -o _mi
nted-book/09443E6C75DCC742F726AFB469657FBF71E0C1AEB16F6962B864D2E27BEE29B9.pygt
ex book.pyg)...executed.


(./_minted-book/09443E6C75DCC742F726AFB469657FBF71E0C1AEB16F6962B864D2E27BEE29B
9.pygtex)
Underfull \vbox (badness 10000) has occurred while \output is active []

File: ./pics/mri2.png Graphic file (type png)
<use ./pics/mri2.png>
Package pdftex.def Info: ./pics/mri2.png  used on input line 1383.
(pdftex.def)             Requested size: 38.30162pt x 38.30301pt.
 [58]
\openout3 = `book.pyg'.

runsystem(pygmentize -l java -f latex -P commandprefix=PYG -F tokenmerge -o _mi
nted-book/FA8C0F1FCF5FD542EE473B724069621471E0C1AEB16F6962B864D2E27BEE29B9.pygt
ex book.pyg)...executed.


(./_minted-book/FA8C0F1FCF5FD542EE473B724069621471E0C1AEB16F6962B864D2E27BEE29B
9.pygtex)
<./pics/turtle_example.png, id=667, 233.87375pt x 123.46124pt>
File: ./pics/turtle_example.png Graphic file (type png)
<use ./pics/turtle_example.png>
Package pdftex.def Info: ./pics/turtle_example.png  used on input line 1407.
(pdftex.def)             Requested size: 137.9979pt x 72.85278pt.


LaTeX Warning: `!h' float specifier changed to `!ht'.


Underfull \vbox (badness 1308) has occurred while \output is active []

File: ./pics/mri2.png Graphic file (type png)
<use ./pics/mri2.png>
Package pdftex.def Info: ./pics/mri2.png  used on input line 1415.
(pdftex.def)             Requested size: 38.30162pt x 38.30301pt.
 [59]
\openout3 = `book.pyg'.

runsystem(pygmentize -l java -f latex -P commandprefix=PYG -F tokenmerge -o _mi
nted-book/7E5D3F1BA5416519507D836DDF6EFFC571E0C1AEB16F6962B864D2E27BEE29B9.pygt
ex book.pyg)...executed.


(./_minted-book/7E5D3F1BA5416519507D836DDF6EFFC571E0C1AEB16F6962B864D2E27BEE29B
9.pygtex)
\openout3 = `book.pyg'.

runsystem(pygmentize -l java -f latex -P commandprefix=PYG -F tokenmerge -o _mi
nted-book/6212860625C165B4C36AD8FCDC8C9F5671E0C1AEB16F6962B864D2E27BEE29B9.pygt
ex book.pyg)...executed.


(./_minted-book/6212860625C165B4C36AD8FCDC8C9F5671E0C1AEB16F6962B864D2E27BEE29B
9.pygtex)) (./book.bbl
File: ./pics/mri2.png Graphic file (type png)
<use ./pics/mri2.png>
Package pdftex.def Info: ./pics/mri2.png  used on input line 1.
(pdftex.def)             Requested size: 38.30162pt x 38.30301pt.
 [60 <./pics/turtle_example.png>]
Missing character: There is no Ã in font cmr10!
Missing character: There is no ¶ in font cmr10!

Underfull \hbox (badness 1028) in paragraph at lines 40--46
[]\OT1/cmr/m/n/10 Johannes Schin-delin, Ig-na-cio Arganda-Carreras, Er-win Fris
e, Ver-ena
 []

[61

])
Package atveryend Info: Empty hook `BeforeClearDocument' on input line 43.
File: ./pics/mri2.png Graphic file (type png)
<use ./pics/mri2.png>
Package pdftex.def Info: ./pics/mri2.png  used on input line 43.
(pdftex.def)             Requested size: 38.30162pt x 38.30301pt.
 [62]
Package atveryend Info: Empty hook `AfterLastShipout' on input line 43.
 (./book.aux)
Package atveryend Info: Executing hook `AtVeryEndDocument' on input line 43.
Package atveryend Info: Executing hook `AtEndAfterFileList' on input line 43.
Package rerunfilecheck Info: File `book.out' has not changed.
(rerunfilecheck)             Checksum: 99B55E4881E3D47B51178A122AD5A461;2017.


LaTeX Font Warning: Some font shapes were not available, defaults substituted.


LaTeX Warning: There were undefined references.

runsystem(rm book.pyg)...executed.

Package atveryend Info: Empty hook `AtVeryVeryEnd' on input line 43.
 ) 
Here is how much of TeX's memory you used:
 12006 strings out of 494880
 214718 string characters out of 6179600
 333097 words of memory out of 5000000
 14705 multiletter control sequences out of 15000+600000
 11606 words of font info for 43 fonts, out of 8000000 for 9000
 36 hyphenation exceptions out of 8191
 37i,16n,47p,2154b,523s stack positions out of 5000i,500n,10000p,200000b,80000s
</usr/share/texlive/texmf-dist/fonts/type1/public/amsfonts/cm/cmbx10.pfb></us
r/share/texlive/texmf-dist/fonts/type1/public/amsfonts/cm/cmbx12.pfb></usr/shar
e/texlive/texmf-dist/fonts/type1/public/amsfonts/cm/cmitt10.pfb></usr/share/tex
live/texmf-dist/fonts/type1/public/amsfonts/cm/cmmi10.pfb></usr/share/texlive/t
exmf-dist/fonts/type1/public/amsfonts/cm/cmmi7.pfb></usr/share/texlive/texmf-di
st/fonts/type1/public/amsfonts/cm/cmr10.pfb></usr/share/texlive/texmf-dist/font
s/type1/public/amsfonts/cm/cmr12.pfb></usr/share/texlive/texmf-dist/fonts/type1
/public/amsfonts/cm/cmr17.pfb></usr/share/texlive/texmf-dist/fonts/type1/public
/amsfonts/cm/cmr5.pfb></usr/share/texlive/texmf-dist/fonts/type1/public/amsfont
s/cm/cmr7.pfb></usr/share/texlive/texmf-dist/fonts/type1/public/amsfonts/cm/cms
l10.pfb></usr/share/texlive/texmf-dist/fonts/type1/public/amsfonts/cm/cmsy10.pf
b></usr/share/texlive/texmf-dist/fonts/type1/public/amsfonts/cm/cmsy7.pfb></usr
/share/texlive/texmf-dist/fonts/type1/public/amsfonts/cm/cmti10.pfb></usr/share
/texlive/texmf-dist/fonts/type1/public/amsfonts/cm/cmtt10.pfb>
Output written on book.pdf (62 pages, 1800165 bytes).
PDF statistics:
 794 PDF objects out of 1000 (max. 8388607)
 678 compressed objects within 7 object streams
 232 named destinations out of 1000 (max. 500000)
 311 words of extra memory for PDF output out of 10000 (max. 10000000)

