This is pdfTeX, Version 3.1415926-2.5-1.40.14 (TeX Live 2013/Debian) (format=latex 2014.4.22)  21 JUL 2014 13:21
entering extended mode
 restricted \write18 enabled.
 %&-line parsing enabled.
**exercise.dtx
(./exercise.dtx
LaTeX2e <2011/06/27>
Babel <3.9h> and hyphenation patterns for 4 languages loaded.
(/usr/share/texlive/texmf-dist/tex/latex/base/ltxdoc.cls
Document Class: ltxdoc 2007/11/11 v2.0u Standard LaTeX documentation class
(/usr/share/texlive/texmf-dist/tex/latex/base/article.cls
Document Class: article 2007/10/19 v1.4h Standard LaTeX document class
(/usr/share/texlive/texmf-dist/tex/latex/base/size10.clo
File: size10.clo 2007/10/19 v1.4h Standard LaTeX file (size option)
)
\c@part=\count79
\c@section=\count80
\c@subsection=\count81
\c@subsubsection=\count82
\c@paragraph=\count83
\c@subparagraph=\count84
\c@figure=\count85
\c@table=\count86
\abovecaptionskip=\skip41
\belowcaptionskip=\skip42
\bibindent=\dimen102
)
(/usr/share/texlive/texmf-dist/tex/latex/base/doc.sty
Package: doc 2010/02/04 v2.1e Standard LaTeX documentation package (FMi)
\c@StandardModuleDepth=\count87
\guard@level=\count88
\MacrocodeTopsep=\skip43
\MacroIndent=\dimen103
\macro@cnt=\count89
\MacroTopsep=\skip44
\index@excludelist=\toks14

(/usr/share/texlive/texmf-dist/tex/latex/tools/multicol.sty
Package: multicol 2011/06/27 v1.7a multicolumn formatting (FMi)
\c@tracingmulticols=\count90
\mult@box=\box26
\multicol@leftmargin=\dimen104
\c@unbalance=\count91
\c@collectmore=\count92
\doublecol@number=\count93
\multicoltolerance=\count94
\multicolpretolerance=\count95
\full@width=\dimen105
\page@free=\dimen106
\premulticols=\dimen107
\postmulticols=\dimen108
\multicolsep=\skip45
\multicolbaselineskip=\skip46
\partial@page=\box27
\last@line=\box28
\mult@rightbox=\box29
\mult@grightbox=\box30
\mult@gfirstbox=\box31
\mult@firstbox=\box32
\@tempa=\box33
\@tempa=\box34
\@tempa=\box35
\@tempa=\box36
\@tempa=\box37
\@tempa=\box38
\@tempa=\box39
\@tempa=\box40
\@tempa=\box41
\@tempa=\box42
\@tempa=\box43
\@tempa=\box44
\@tempa=\box45
\@tempa=\box46
\@tempa=\box47
\@tempa=\box48
\@tempa=\box49
\c@columnbadness=\count96
\c@finalcolumnbadness=\count97
\last@try=\dimen109
\multicolovershoot=\dimen110
\multicolundershoot=\dimen111
\mult@nat@firstbox=\box50
\colbreak@box=\box51
\multicol@sort@counter=\count98
)
\IndexMin=\dimen112
\c@IndexColumns=\count99
\GlossaryMin=\dimen113
\c@GlossaryColumns=\count100
\check@sum=\count101
\bslash@cnt=\count102
\wrong@table=\toks15
\c@CodelineNo=\count103
)) (./exercise.sty
Package: exercise 2012/05/08 v1.58 Exercise package (P.Pichaureau)

(/usr/share/texlive/texmf-dist/tex/latex/graphics/keyval.sty
Package: keyval 1999/03/16 v1.13 key=value parser (DPC)
\KV@toks@=\toks16
)
(/usr/share/texlive/texmf-dist/tex/latex/base/ifthen.sty
Package: ifthen 2001/05/26 v1.1c Standard LaTeX ifthen package (DPC)
)
\ExerciseSkipBefore=\skip47
\ExerciseSkipAfter=\skip48
\Exesep=\skip49
\Exetopsep=\skip50
\Exeparsep=\skip51
\Exepartopsep=\skip52
\Exeleftmargin=\skip53
\Exerightmargin=\skip54
\Exelabelwidth=\skip55
\Exelabelsep=\skip56
\ExerciseBefore=\skip57
\QuestionBefore=\skip58
\subQuestionBefore=\skip59
\subsubQuestionBefore=\skip60
\QuestionIndent=\skip61
\subQuestionIndent=\skip62
\subsubQuestionIndent=\skip63
\c@Exercise=\count104
\c@Answer=\count105
\c@ExePart=\count106
\c@Question=\count107
\c@subQuestion=\count108
\c@subsubQuestion=\count109
\c@savedQuestion=\count110
\c@savedsubQuestion=\count111
\c@savedsubsubQuestion=\count112
\@QuestionLevel=\count113
\@Exercisebox=\box52
\all@Exercisebox=\box53
\temp@Exercisebox=\box54
\all@Answerbox=\box55
\temp@Answerbox=\box56
\ExerciseDifficulty=\count114
\QuestionDifficulty=\count115
\subQuestionDifficulty=\count116
\subsubQuestionDifficulty=\count117
\ExePartDifficulty=\count118
\@Answerbox=\box57
\colonnesLevel=\count119
\tempskipa=\skip64
\tempskipb=\skip65
\@savedmathindent=\skip66
)
(/usr/share/texlive/texmf-dist/tex/latex/base/inputenc.sty
Package: inputenc 2008/03/30 v1.1d Input encoding file
\inpenc@prehook=\toks17
\inpenc@posthook=\toks18

(/usr/share/texlive/texmf-dist/tex/latex/base/latin1.def
File: latin1.def 2008/03/30 v1.1d Input encoding file
))
(/usr/share/texlive/texmf-dist/tex/latex/tools/xspace.sty
Package: xspace 2009/10/20 v1.13 Space after command names (DPC,MH)
)
(/usr/share/texlive/texmf-dist/tex/latex/fancyvrb/fancyvrb.sty
Package: fancyvrb 2008/02/07

Style option: `fancyvrb' v2.7a, with DG/SPQR fixes, and firstline=lastline fix 
<2008/02/07> (tvz)
\FV@CodeLineNo=\count120
\FV@InFile=\read1
\FV@TabBox=\box58
\c@FancyVerbLine=\count121
\FV@StepNumber=\count122
\FV@OutFile=\write3
)
(/usr/share/texlive/texmf-dist/tex/latex/hyperref/hyperref.sty
Package: hyperref 2012/11/06 v6.83m Hypertext links for LaTeX

(/usr/share/texlive/texmf-dist/tex/generic/oberdiek/hobsub-hyperref.sty
Package: hobsub-hyperref 2012/05/28 v1.13 Bundle oberdiek, subset hyperref (HO)


(/usr/share/texlive/texmf-dist/tex/generic/oberdiek/hobsub-generic.sty
Package: hobsub-generic 2012/05/28 v1.13 Bundle oberdiek, subset generic (HO)
Package: hobsub 2012/05/28 v1.13 Construct package bundles (HO)
Package: infwarerr 2010/04/08 v1.3 Providing info/warning/error messages (HO)
Package: ltxcmds 2011/11/09 v1.22 LaTeX kernel commands for general use (HO)
Package: ifluatex 2010/03/01 v1.3 Provides the ifluatex switch (HO)
Package ifluatex Info: LuaTeX not detected.
Package: ifvtex 2010/03/01 v1.5 Detect VTeX and its facilities (HO)
Package ifvtex Info: VTeX not detected.
Package: intcalc 2007/09/27 v1.1 Expandable calculations with integers (HO)
Package: ifpdf 2011/01/30 v2.3 Provides the ifpdf switch (HO)
Package ifpdf Info: pdfTeX in PDF mode is not detected.
Package: etexcmds 2011/02/16 v1.5 Avoid name clashes with e-TeX commands (HO)
Package etexcmds Info: Could not find \expanded.
(etexcmds)             That can mean that you are not using pdfTeX 1.50 or
(etexcmds)             that some package has redefined \expanded.
(etexcmds)             In the latter case, load this package earlier.
Package: kvsetkeys 2012/04/25 v1.16 Key value parser (HO)
Package: kvdefinekeys 2011/04/07 v1.3 Define keys (HO)
Package: pdftexcmds 2011/11/29 v0.20 Utility functions of pdfTeX for LuaTeX (HO
)
Package pdftexcmds Info: LuaTeX not detected.
Package pdftexcmds Info: \pdf@primitive is available.
Package pdftexcmds Info: \pdf@ifprimitive is available.
Package pdftexcmds Info: \pdfdraftmode is ignored in DVI mode.
Package: pdfescape 2011/11/25 v1.13 Implements pdfTeX's escape features (HO)
Package: bigintcalc 2012/04/08 v1.3 Expandable calculations on big integers (HO
)
Package: bitset 2011/01/30 v1.1 Handle bit-vector datatype (HO)
Package: uniquecounter 2011/01/30 v1.2 Provide unlimited unique counter (HO)
)
Package hobsub Info: Skipping package `hobsub' (already loaded).
Package: letltxmacro 2010/09/02 v1.4 Let assignment for LaTeX macros (HO)
Package: hopatch 2012/05/28 v1.2 Wrapper for package hooks (HO)
Package: xcolor-patch 2011/01/30 xcolor patch
Package: atveryend 2011/06/30 v1.8 Hooks at the very end of document (HO)
Package atveryend Info: \enddocument detected (standard20110627).
Package: atbegshi 2011/10/05 v1.16 At begin shipout hook (HO)
Package: refcount 2011/10/16 v3.4 Data extraction from label references (HO)
Package: hycolor 2011/01/30 v1.7 Color options for hyperref/bookmark (HO)
)
(/usr/share/texlive/texmf-dist/tex/generic/ifxetex/ifxetex.sty
Package: ifxetex 2010/09/12 v0.6 Provides ifxetex conditional
)
(/usr/share/texlive/texmf-dist/tex/latex/oberdiek/auxhook.sty
Package: auxhook 2011/03/04 v1.3 Hooks for auxiliary files (HO)
)
(/usr/share/texlive/texmf-dist/tex/latex/oberdiek/kvoptions.sty
Package: kvoptions 2011/06/30 v3.11 Key value format for package options (HO)
)
\@linkdim=\dimen114
\Hy@linkcounter=\count123
\Hy@pagecounter=\count124

(/usr/share/texlive/texmf-dist/tex/latex/hyperref/pd1enc.def
File: pd1enc.def 2012/11/06 v6.83m Hyperref: PDFDocEncoding definition (HO)
)
\Hy@SavedSpaceFactor=\count125

(/usr/share/texlive/texmf-dist/tex/latex/latexconfig/hyperref.cfg
File: hyperref.cfg 2002/06/06 v1.2 hyperref configuration of TeXLive
)
Package hyperref Info: Hyper figures OFF on input line 4443.
Package hyperref Info: Link nesting OFF on input line 4448.
Package hyperref Info: Hyper index ON on input line 4451.
Package hyperref Info: Plain pages OFF on input line 4458.
Package hyperref Info: Backreferencing OFF on input line 4463.
Package hyperref Info: Implicit mode ON; LaTeX internals redefined.
Package hyperref Info: Bookmarks ON on input line 4688.
\c@Hy@tempcnt=\count126

(/usr/share/texlive/texmf-dist/tex/latex/url/url.sty
\Urlmuskip=\muskip10
Package: url 2013/09/16  ver 3.4  Verb mode for urls, etc.
)
LaTeX Info: Redefining \url on input line 5041.
\XeTeXLinkMargin=\dimen115
\Fld@menulength=\count127
\Field@Width=\dimen116
\Fld@charsize=\dimen117
Package hyperref Info: Hyper figures OFF on input line 6295.
Package hyperref Info: Link nesting OFF on input line 6300.
Package hyperref Info: Hyper index ON on input line 6303.
Package hyperref Info: backreferencing OFF on input line 6310.
Package hyperref Info: Link coloring OFF on input line 6315.
Package hyperref Info: Link coloring with OCG OFF on input line 6320.
Package hyperref Info: PDF/A mode OFF on input line 6325.
LaTeX Info: Redefining \ref on input line 6365.
LaTeX Info: Redefining \pageref on input line 6369.
\Hy@abspage=\count128
\c@Item=\count129
\c@Hfootnote=\count130
)

Package hyperref Message: Driver (default): hdvips.

(/usr/share/texlive/texmf-dist/tex/latex/hyperref/hdvips.def
File: hdvips.def 2012/11/06 v6.83m Hyperref driver for dvips

(/usr/share/texlive/texmf-dist/tex/latex/hyperref/pdfmark.def
File: pdfmark.def 2012/11/06 v6.83m Hyperref definitions for pdfmark specials
\pdf@docset=\toks19
\pdf@box=\box59
\pdf@toks=\toks20
\pdf@defaulttoks=\toks21
\HyField@AnnotCount=\count131
\Fld@listcount=\count132
\c@bookmark@seq@number=\count133

(/usr/share/texlive/texmf-dist/tex/latex/oberdiek/rerunfilecheck.sty
Package: rerunfilecheck 2011/04/15 v1.7 Rerun checks for auxiliary files (HO)
Package uniquecounter Info: New unique counter `rerunfilecheck' on input line 2
82.
)
\Hy@SectionHShift=\skip67
))
\@indexfile=\write4
\openout4 = `exercise.idx'.


Writing index file exercise.idx
(./exercise.aux)
\openout1 = `exercise.aux'.

LaTeX Font Info:    Checking defaults for OML/cmm/m/it on input line 49.
LaTeX Font Info:    ... okay on input line 49.
LaTeX Font Info:    Checking defaults for T1/cmr/m/n on input line 49.
LaTeX Font Info:    ... okay on input line 49.
LaTeX Font Info:    Checking defaults for OT1/cmr/m/n on input line 49.
LaTeX Font Info:    ... okay on input line 49.
LaTeX Font Info:    Checking defaults for OMS/cmsy/m/n on input line 49.
LaTeX Font Info:    ... okay on input line 49.
LaTeX Font Info:    Checking defaults for OMX/cmex/m/n on input line 49.
LaTeX Font Info:    ... okay on input line 49.
LaTeX Font Info:    Checking defaults for U/cmr/m/n on input line 49.
LaTeX Font Info:    ... okay on input line 49.
LaTeX Font Info:    Checking defaults for PD1/pdf/m/n on input line 49.
LaTeX Font Info:    ... okay on input line 49.
Package doc Info: Made | a short reference for \verb on input line 49.
\AtBeginShipoutBox=\box60
Package hyperref Info: Link coloring OFF on input line 49.
 (/usr/share/texlive/texmf-dist/tex/latex/hyperref/nameref.sty
Package: nameref 2012/10/27 v2.43 Cross-referencing by name of section

(/usr/share/texlive/texmf-dist/tex/generic/oberdiek/gettitlestring.sty
Package: gettitlestring 2010/12/03 v1.4 Cleanup title references (HO)
)
\c@section@level=\count134
)
LaTeX Info: Redefining \ref on input line 49.
LaTeX Info: Redefining \pageref on input line 49.
LaTeX Info: Redefining \nameref on input line 49.

(./exercise.out) (./exercise.out)
\@outlinefile=\write5
\openout5 = `exercise.out'.

 (./exercise.dtx
***************************
* Character table correct *
***************************
LaTeX Font Info:    External font `cmex10' loaded for size
(Font)              <12> on input line 109.
LaTeX Font Info:    External font `cmex10' loaded for size
(Font)              <8> on input line 109.
LaTeX Font Info:    External font `cmex10' loaded for size
(Font)              <6> on input line 109.
(./exercise.toc
LaTeX Font Info:    External font `cmex10' loaded for size
(Font)              <7> on input line 3.
LaTeX Font Info:    External font `cmex10' loaded for size
(Font)              <5> on input line 3.
LaTeX Font Info:    Font shape `OMS/cmtt/m/n' in size <10> not available
(Font)              Font shape `OMS/cmsy/m/n' tried instead on input line 14.
 [1

])
\tf@toc=\write6
\openout6 = `exercise.toc'.

LaTeX Font Info:    Font shape `OT1/cmtt/bx/n' in size <10> not available
(Font)              Font shape `OT1/cmtt/m/n' tried instead on input line 128.
LaTeX Font Info:    External font `cmex10' loaded for size
(Font)              <9> on input line 171.


LaTeX Warning: Marginpar on page 2 moved.

[2]
Package hyperref Info: bookmark level for unknown exercise defaults to 0 on inp
ut line 235.
 [3]

LaTeX Warning: Marginpar on page 4 moved.


LaTeX Warning: Marginpar on page 4 moved.


LaTeX Warning: Marginpar on page 4 moved.

[4]

LaTeX Warning: Marginpar on page 5 moved.


LaTeX Warning: Marginpar on page 5 moved.


LaTeX Warning: Marginpar on page 5 moved.


Overfull \hbox (0.68378pt too wide) in paragraph at lines 362--366
[]\OT1/cmr/m/n/10 A very ba-sic ex-er-cise se-lec-tion mech-a-nism is pro-vided
. When []\OT1/cmtt/m/n/10 \ExerciseSelect
 []

[5]

LaTeX Warning: Marginpar on page 6 moved.


LaTeX Warning: Marginpar on page 6 moved.

[6]

LaTeX Warning: Marginpar on page 7 moved.


LaTeX Warning: Marginpar on page 7 moved.


LaTeX Warning: Marginpar on page 7 moved.


LaTeX Warning: Marginpar on page 7 moved.


LaTeX Warning: Marginpar on page 7 moved.


LaTeX Warning: Marginpar on page 7 moved.


LaTeX Warning: Marginpar on page 7 moved.


LaTeX Warning: Marginpar on page 7 moved.

[7]

LaTeX Warning: Marginpar on page 8 moved.


LaTeX Warning: Marginpar on page 8 moved.


LaTeX Warning: Marginpar on page 8 moved.


LaTeX Warning: Marginpar on page 8 moved.


LaTeX Warning: Marginpar on page 8 moved.


LaTeX Warning: Marginpar on page 8 moved.


Overfull \hbox (6.29846pt too wide) in paragraph at lines 611--611
 []|\OT1/cmtt/m/n/9 \subQuestionHeaderDifficulty
 []


Overfull \hbox (20.4733pt too wide) in paragraph at lines 614--614
 []|\OT1/cmtt/m/n/9 \subsubQuestionHeaderDifficulty
 []

[8]

LaTeX Warning: Marginpar on page 9 moved.


LaTeX Warning: Marginpar on page 9 moved.


LaTeX Warning: Marginpar on page 9 moved.


LaTeX Warning: Marginpar on page 9 moved.


LaTeX Warning: Marginpar on page 9 moved.


LaTeX Warning: Marginpar on page 9 moved.


LaTeX Warning: Marginpar on page 9 moved.


LaTeX Warning: Marginpar on page 9 moved.


LaTeX Warning: Marginpar on page 9 moved.


LaTeX Warning: Marginpar on page 9 moved.


LaTeX Warning: Marginpar on page 9 moved.


LaTeX Warning: Marginpar on page 9 moved.


LaTeX Warning: Marginpar on page 9 moved.


LaTeX Warning: Marginpar on page 9 moved.


LaTeX Warning: Marginpar on page 9 moved.


LaTeX Warning: Marginpar on page 9 moved.


LaTeX Warning: Marginpar on page 9 moved.


LaTeX Warning: Marginpar on page 9 moved.


LaTeX Warning: Marginpar on page 9 moved.


LaTeX Warning: Marginpar on page 9 moved.

LaTeX Font Info:    Font shape `OT1/cmtt/bx/n' in size <12> not available
(Font)              Font shape `OT1/cmtt/m/n' tried instead on input line 678.
LaTeX Font Info:    Font shape `OMS/cmtt/bx/n' in size <12> not available
(Font)              Font shape `OMS/cmsy/b/n' tried instead on input line 678.
[9]

LaTeX Warning: Marginpar on page 10 moved.


LaTeX Warning: Marginpar on page 10 moved.

No file exercise.gls.
[10] [11] [12] [13]
Overfull \hbox (104.5365pt too wide) in paragraph at lines 942--942
 []\OT1/cmtt/m/n/9 \def\refAnswer[]#1{\expandafter\@setAnswerref[]\csname[] r@#
1\endcsname[]\@firstoffive[]{#1}{#1-Answer}}} 
 []


Overfull \hbox (14.76254pt too wide) in paragraph at lines 950--950
 []\OT1/cmtt/m/n/9 \renewcommand{\theExercise[]}{\if@ExeStared[]\else\arabic{\@
ExerciseCounter[]}\fi} 
 []

[14]
Overfull \hbox (14.76254pt too wide) in paragraph at lines 1026--1026
 []\OT1/cmtt/m/n/9 \newcommand{\subsubQuestionHeaderDifficulty[]}{\thesubsubQue
stionDifficulty[]\[] } 
 []


Overfull \hbox (5.31265pt too wide) in paragraph at lines 1043--1043
 []\OT1/cmtt/m/n/9 {\ifnum\@QuestionLevel[]=\colonnesLevel[]\end{multicols}\col
onnesLevel[]=-10\fi% 
 []


Overfull \hbox (0.5877pt too wide) in paragraph at lines 1043--1043
 []\OT1/cmtt/m/n/9 \ifnum\@QuestionLevel[]=\colonnesLevel[]\end{multicols}\colo
nnesLevel[]=-10\fi} 
 []

[15]
Overfull \hbox (10.0376pt too wide) in paragraph at lines 1149--1149
 []\OT1/cmtt/m/n/9 \def\theExerciseDifficulty[]{\marker[]{\DifficultyMarker[]}{
\ExerciseDifficulty[]}} 
 []


Overfull \hbox (0.5877pt too wide) in paragraph at lines 1149--1149
 []\OT1/cmtt/m/n/9 {\global\@ExeLabeltrue[]\gdef\ExerciseLabel[]{#1}\gdef\Exerc
iseTrueLabel[]{#1}} 
 []

[16]
Overfull \hbox (47.83716pt too wide) in paragraph at lines 1149--1149
 []\OT1/cmtt/m/n/9 \if@ExeLabel[]\recordExerciseLabel[]{\ExerciseLabel[]}\else\
def\ExerciseHeaderLabel[]{}\fi% 
 []


Overfull \hbox (14.76254pt too wide) in paragraph at lines 1149--1149
 []\OT1/cmtt/m/n/9 \def\refstepExecounter[]{\if@ShipThisExercise[]\if@ExeStared
[]\else\if@ExeNB[]\else% 
 []


Overfull \hbox (0.5877pt too wide) in paragraph at lines 1149--1149
 []\OT1/cmtt/m/n/9 \vbox{\unvbox\all@Exercisebox[]\vskip\Exesep[]\unvbox\@Exerc
isebox[]\vskip\z@}% 
 []

[17]
Overfull \hbox (10.0376pt too wide) in paragraph at lines 1149--1149
 []\OT1/cmtt/m/n/9 \newcommand{\shipoutExercise[]}{\if@ExerciseOutput[]\unvbox\
all@Exercisebox[]\fi} 
 []


Overfull \hbox (5.31265pt too wide) in paragraph at lines 1169--1169
 []        \OT1/cmtt/m/n/9 \theExercise[]\[] \expandafter{\itshape[] \ExerciseT
itle[]}\hspace[]{.66em}} 
 []


Overfull \hbox (5.31265pt too wide) in paragraph at lines 1221--1221
 []        \OT1/cmtt/m/n/9 \theExercise[]\[] \expandafter{\itshape[] \ExerciseT
itle[]}\hspace[]{.66em}} 
 []

[18]
Overfull \hbox (5.31265pt too wide) in paragraph at lines 1221--1221
 []    \OT1/cmtt/m/n/9 \renewenvironment{Exercise*}{\global\@ExeStaredtrue[]\be
ginExerciseEnv[]}% 
 []


Overfull \hbox (0.5877pt too wide) in paragraph at lines 1221--1221
 []\OT1/cmtt/m/n/9 \newenvironment{ExerciseList}{\beginExerciseListEnv[]}{\endE
xerciseListEnv[]} 
 []

[19]
Overfull \hbox (5.31265pt too wide) in paragraph at lines 1285--1285
 []\OT1/cmtt/m/n/9 \def\@QuestionHeader[]{\item[{\makebox[0cm][r]{\begingroup\@
getQuestionInfo[]% 
 []


Overfull \hbox (5.31265pt too wide) in paragraph at lines 1285--1285
 []          \OT1/cmtt/m/n/9 \setcounter{Question}{\value{savedQuestion}}\globa
l\@echapqfalse[] 
 []


Overfull \hbox (5.31265pt too wide) in paragraph at lines 1418--1418
 []\OT1/cmtt/m/n/9 \global\@subQuestionDifficultytrue[]\global\subQuestionDiffi
culty[]=\number#1} 
 []

[20] [21]
Overfull \hbox (0.5877pt too wide) in paragraph at lines 1418--1418
 []\OT1/cmtt/m/n/9 \if@subsubQuestionDifficulty[]\else\def\subsubQuestionHeader
Difficulty[]{}\fi 
 []


Overfull \hbox (10.0376pt too wide) in paragraph at lines 1418--1418
 []\OT1/cmtt/m/n/9 \def\@@subsubQuestion[][#1]{\setkeys[]{PPsubsubQuestion}{#1}
\@@@subsubQuestion[]} 
 []

[22]
Overfull \hbox (0.5877pt too wide) in paragraph at lines 1463--1463
 []\OT1/cmtt/m/n/9 \def\theExePartDifficulty[]{\marker[]{\DifficultyMarker[]}{\
ExePartDifficulty[]}} 
 []

[23] [24]
Overfull \hbox (14.76254pt too wide) in paragraph at lines 1554--1554
 []\OT1/cmtt/m/n/9 \def\beginAnswerEnv[]{\@InitAnswer[]\@ifnextchar[\@@AnswerEn
v[]{\@@AnswerEnv[][]}}%] 
 []


Overfull \hbox (5.31265pt too wide) in paragraph at lines 1554--1554
 []        \OT1/cmtt/m/n/9 \item[\bgroup\@getAnswerInfo[]\AnswerListHeader[]\eg
roup]\ignorespaces 
 []

[25]
Overfull \hbox (284.08441pt too wide) in paragraph at lines 1693--1693
 []\OT1/cmtt/m/n/9 \newcommand{\ExerciseSelect[]}{\@ifstar{\global\@ExerciseSel
ectedfalse[]\@ExerciseSelect[]}{\global\@ExerciseSelectedtrue[]\@ExerciseSelect
[]}} 
 []

[26] [27]
Overfull \hbox (217.93518pt too wide) in paragraph at lines 1693--1693
 []    \OT1/cmtt/m/n/9 \if@ExerciseSelected[]\else\if@ShipThisExercise[]\global
\@ShipThisExercisefalse[]\else\global\@ShipThisExercisetrue[]\fi\fi 
 []


Overfull \hbox (189.58551pt too wide) in paragraph at lines 1693--1693
 []    \OT1/cmtt/m/n/9 \if@ExerciseSelected[]\else\if@ShipThisAnswer[]\global\@
ShipThisAnswerfalse[]\else\global\@ShipThisAnswertrue[]\fi\fi 
 []

[28]
Overfull \hbox (19.48749pt too wide) in paragraph at lines 1731--1731
 []  \OT1/cmtt/m/n/9 \renewcommand{\@savemathindent[]}{\setlength{\@savedmathin
dent[]}{\mathindent[]}} 
 []


Overfull \hbox (33.66232pt too wide) in paragraph at lines 1731--1731
 []  \OT1/cmtt/m/n/9 \renewcommand{\@restoremathindent[]}{\setlength{\mathinden
t[]}{\@savedmathindent[]}} 
 []


Overfull \hbox (66.73694pt too wide) in paragraph at lines 1756--1756
 []\OT1/cmtt/m/n/9 \newcommand{\ListOfExerciseInToc[]}{\def\ext@exercise[]{toc}
\ExerciseLevelInToc[]{paragraph}} 
 []

(./exercise.ind [29] [30] [31] [32] [33]) [34] (./exercise.toc)
\tf@toc=\write7
\openout7 = `exercise.toc'.


*******************
* Checksum passed *
*******************
)
Package atveryend Info: Empty hook `BeforeClearDocument' on input line 51.
 [35]
Package atveryend Info: Empty hook `AfterLastShipout' on input line 51.
 (./exercise.aux)
Package atveryend Info: Empty hook `AtVeryEndDocument' on input line 51.
Package atveryend Info: Executing hook `AtEndAfterFileList' on input line 51.
Package rerunfilecheck Info: File `exercise.out' has not changed.
(rerunfilecheck)             Checksum: 03F29895C043268B2687D5B17E5FAC6C;2133.


LaTeX Warning: Label(s) may have changed. Rerun to get cross-references right.

Package atveryend Info: Empty hook `AtVeryVeryEnd' on input line 51.
 ) 
Here is how much of TeX's memory you used:
 5572 strings out of 494986
 83658 string characters out of 6180382
 222664 words of memory out of 5000000
 8758 multiletter control sequences out of 15000+600000
 11386 words of font info for 41 fonts, out of 8000000 for 9000
 36 hyphenation exceptions out of 8191
 31i,13n,31p,235b,516s stack positions out of 5000i,500n,10000p,200000b,80000s

Output written on exercise.dvi (35 pages, 302680 bytes).
